2020-12-31 00:00:29,871 DEBUG com.zaxxer.hikari.pool.HikariPool [HikariPool-1 housekeeper] HikariPool-1 - Pool stats (total=10, active=0, idle=10, waiting=0)
2020-12-31 00:00:29,891 DEBUG com.zaxxer.hikari.pool.HikariPool [HikariPool-1 housekeeper] HikariPool-1 - Fill pool skipped, pool is at sufficient level.
2020-12-31 00:00:30,180 DEBUG org.apache.catalina.session.ManagerBase [Catalina-utility-2] Start expire sessions StandardManager at 1609383630179 sessioncount 0
2020-12-31 00:00:30,180 DEBUG org.apache.catalina.session.ManagerBase [Catalina-utility-2] End expire sessions StandardManager processingTime 1 expired sessions: 0
2020-12-31 00:00:59,892 DEBUG com.zaxxer.hikari.pool.HikariPool [HikariPool-1 housekeeper] HikariPool-1 - Pool stats (total=10, active=0, idle=10, waiting=0)
2020-12-31 00:00:59,892 DEBUG com.zaxxer.hikari.pool.HikariPool [HikariPool-1 housekeeper] HikariPool-1 - Fill pool skipped, pool is at sufficient level.
2020-12-31 00:01:29,894 DEBUG com.zaxxer.hikari.pool.HikariPool [HikariPool-1 housekeeper] HikariPool-1 - Pool stats (total=10, active=0, idle=10, waiting=0)
2020-12-31 00:01:29,894 DEBUG com.zaxxer.hikari.pool.HikariPool [HikariPool-1 housekeeper] HikariPool-1 - Fill pool skipped, pool is at sufficient level.
2020-12-31 00:01:30,345 DEBUG org.apache.catalina.session.ManagerBase [Catalina-utility-2] Start expire sessions StandardManager at 1609383690345 sessioncount 0
2020-12-31 00:01:30,346 DEBUG org.apache.catalina.session.ManagerBase [Catalina-utility-2] End expire sessions StandardManager processingTime 1 expired sessions: 0
2020-12-31 00:01:59,896 DEBUG com.zaxxer.hikari.pool.HikariPool [HikariPool-1 housekeeper] HikariPool-1 - Pool stats (total=10, active=0, idle=10, waiting=0)
2020-12-31 00:01:59,896 DEBUG com.zaxxer.hikari.pool.HikariPool [HikariPool-1 housekeeper] HikariPool-1 - Fill pool skipped, pool is at sufficient level.
2020-12-31 00:02:29,898 DEBUG com.zaxxer.hikari.pool.HikariPool [HikariPool-1 housekeeper] HikariPool-1 - Pool stats (total=10, active=0, idle=10, waiting=0)
2020-12-31 00:02:29,898 DEBUG com.zaxxer.hikari.pool.HikariPool [HikariPool-1 housekeeper] HikariPool-1 - Fill pool skipped, pool is at sufficient level.
2020-12-31 00:02:30,355 DEBUG org.apache.catalina.session.ManagerBase [Catalina-utility-2] Start expire sessions StandardManager at 1609383750355 sessioncount 0
2020-12-31 00:02:30,357 DEBUG org.apache.catalina.session.ManagerBase [Catalina-utility-2] End expire sessions StandardManager processingTime 2 expired sessions: 0
2020-12-31 00:02:59,900 DEBUG com.zaxxer.hikari.pool.HikariPool [HikariPool-1 housekeeper] HikariPool-1 - Pool stats (total=10, active=0, idle=10, waiting=0)
2020-12-31 00:02:59,901 DEBUG com.zaxxer.hikari.pool.HikariPool [HikariPool-1 housekeeper] HikariPool-1 - Fill pool skipped, pool is at sufficient level.
2020-12-31 00:03:29,903 DEBUG com.zaxxer.hikari.pool.HikariPool [HikariPool-1 housekeeper] HikariPool-1 - Pool stats (total=10, active=0, idle=10, waiting=0)
2020-12-31 00:03:29,903 DEBUG com.zaxxer.hikari.pool.HikariPool [HikariPool-1 housekeeper] HikariPool-1 - Fill pool skipped, pool is at sufficient level.
2020-12-31 00:03:30,366 DEBUG org.apache.catalina.session.ManagerBase [Catalina-utility-1] Start expire sessions StandardManager at 1609383810366 sessioncount 0
2020-12-31 00:03:30,366 DEBUG org.apache.catalina.session.ManagerBase [Catalina-utility-1] End expire sessions StandardManager processingTime 0 expired sessions: 0
2020-12-31 00:03:59,906 DEBUG com.zaxxer.hikari.pool.HikariPool [HikariPool-1 housekeeper] HikariPool-1 - Pool stats (total=10, active=0, idle=10, waiting=0)
2020-12-31 00:03:59,906 DEBUG com.zaxxer.hikari.pool.HikariPool [HikariPool-1 housekeeper] HikariPool-1 - Fill pool skipped, pool is at sufficient level.
2020-12-31 00:04:29,907 DEBUG com.zaxxer.hikari.pool.HikariPool [HikariPool-1 housekeeper] HikariPool-1 - Pool stats (total=10, active=0, idle=10, waiting=0)
2020-12-31 00:04:29,908 DEBUG com.zaxxer.hikari.pool.HikariPool [HikariPool-1 housekeeper] HikariPool-1 - Fill pool skipped, pool is at sufficient level.
2020-12-31 00:04:30,377 DEBUG org.apache.catalina.session.ManagerBase [Catalina-utility-1] Start expire sessions StandardManager at 1609383870377 sessioncount 0
2020-12-31 00:04:30,377 DEBUG org.apache.catalina.session.ManagerBase [Catalina-utility-1] End expire sessions StandardManager processingTime 0 expired sessions: 0
2020-12-31 00:04:59,909 DEBUG com.zaxxer.hikari.pool.HikariPool [HikariPool-1 housekeeper] HikariPool-1 - Pool stats (total=10, active=0, idle=10, waiting=0)
2020-12-31 00:04:59,909 DEBUG com.zaxxer.hikari.pool.HikariPool [HikariPool-1 housekeeper] HikariPool-1 - Fill pool skipped, pool is at sufficient level.
2020-12-31 00:05:29,911 DEBUG com.zaxxer.hikari.pool.HikariPool [HikariPool-1 housekeeper] HikariPool-1 - Pool stats (total=10, active=0, idle=10, waiting=0)
2020-12-31 00:05:29,912 DEBUG com.zaxxer.hikari.pool.HikariPool [HikariPool-1 housekeeper] HikariPool-1 - Fill pool skipped, pool is at sufficient level.
2020-12-31 00:05:30,386 DEBUG org.apache.catalina.session.ManagerBase [Catalina-utility-2] Start expire sessions StandardManager at 1609383930386 sessioncount 0
2020-12-31 00:05:30,388 DEBUG org.apache.catalina.session.ManagerBase [Catalina-utility-2] End expire sessions StandardManager processingTime 1 expired sessions: 0
2020-12-31 00:05:59,914 DEBUG com.zaxxer.hikari.pool.HikariPool [HikariPool-1 housekeeper] HikariPool-1 - Pool stats (total=10, active=0, idle=10, waiting=0)
2020-12-31 00:05:59,914 DEBUG com.zaxxer.hikari.pool.HikariPool [HikariPool-1 housekeeper] HikariPool-1 - Fill pool skipped, pool is at sufficient level.
2020-12-31 00:06:29,915 DEBUG com.zaxxer.hikari.pool.HikariPool [HikariPool-1 housekeeper] HikariPool-1 - Pool stats (total=10, active=0, idle=10, waiting=0)
2020-12-31 00:06:29,916 DEBUG com.zaxxer.hikari.pool.HikariPool [HikariPool-1 housekeeper] HikariPool-1 - Fill pool skipped, pool is at sufficient level.
2020-12-31 00:06:30,416 DEBUG org.apache.catalina.session.ManagerBase [Catalina-utility-1] Start expire sessions StandardManager at 1609383990416 sessioncount 0
2020-12-31 00:06:30,420 DEBUG org.apache.catalina.session.ManagerBase [Catalina-utility-1] End expire sessions StandardManager processingTime 3 expired sessions: 0
2020-12-31 00:06:59,918 DEBUG com.zaxxer.hikari.pool.HikariPool [HikariPool-1 housekeeper] HikariPool-1 - Pool stats (total=10, active=0, idle=10, waiting=0)
2020-12-31 00:06:59,919 DEBUG com.zaxxer.hikari.pool.HikariPool [HikariPool-1 housekeeper] HikariPool-1 - Fill pool skipped, pool is at sufficient level.
2020-12-31 00:07:29,920 DEBUG com.zaxxer.hikari.pool.HikariPool [HikariPool-1 housekeeper] HikariPool-1 - Pool stats (total=10, active=0, idle=10, waiting=0)
2020-12-31 00:07:29,921 DEBUG com.zaxxer.hikari.pool.HikariPool [HikariPool-1 housekeeper] HikariPool-1 - Fill pool skipped, pool is at sufficient level.
2020-12-31 00:07:30,429 DEBUG org.apache.catalina.session.ManagerBase [Catalina-utility-1] Start expire sessions StandardManager at 1609384050429 sessioncount 0
2020-12-31 00:07:30,429 DEBUG org.apache.catalina.session.ManagerBase [Catalina-utility-1] End expire sessions StandardManager processingTime 0 expired sessions: 0
2020-12-31 00:07:59,922 DEBUG com.zaxxer.hikari.pool.HikariPool [HikariPool-1 housekeeper] HikariPool-1 - Pool stats (total=10, active=0, idle=10, waiting=0)
2020-12-31 00:07:59,922 DEBUG com.zaxxer.hikari.pool.HikariPool [HikariPool-1 housekeeper] HikariPool-1 - Fill pool skipped, pool is at sufficient level.
2020-12-31 00:08:29,925 DEBUG com.zaxxer.hikari.pool.HikariPool [HikariPool-1 housekeeper] HikariPool-1 - Pool stats (total=10, active=0, idle=10, waiting=0)
2020-12-31 00:08:29,925 DEBUG com.zaxxer.hikari.pool.HikariPool [HikariPool-1 housekeeper] HikariPool-1 - Fill pool skipped, pool is at sufficient level.
2020-12-31 00:08:30,445 DEBUG org.apache.catalina.session.ManagerBase [Catalina-utility-1] Start expire sessions StandardManager at 1609384110445 sessioncount 0
2020-12-31 00:08:30,445 DEBUG org.apache.catalina.session.ManagerBase [Catalina-utility-1] End expire sessions StandardManager processingTime 0 expired sessions: 0
2020-12-31 00:08:59,928 DEBUG com.zaxxer.hikari.pool.HikariPool [HikariPool-1 housekeeper] HikariPool-1 - Pool stats (total=10, active=0, idle=10, waiting=0)
2020-12-31 00:08:59,928 DEBUG com.zaxxer.hikari.pool.HikariPool [HikariPool-1 housekeeper] HikariPool-1 - Fill pool skipped, pool is at sufficient level.
2020-12-31 00:09:29,931 DEBUG com.zaxxer.hikari.pool.HikariPool [HikariPool-1 housekeeper] HikariPool-1 - Pool stats (total=10, active=0, idle=10, waiting=0)
2020-12-31 00:09:29,932 DEBUG com.zaxxer.hikari.pool.HikariPool [HikariPool-1 housekeeper] HikariPool-1 - Fill pool skipped, pool is at sufficient level.
2020-12-31 00:09:30,451 DEBUG org.apache.catalina.session.ManagerBase [Catalina-utility-2] Start expire sessions StandardManager at 1609384170450 sessioncount 0
2020-12-31 00:09:30,452 DEBUG org.apache.catalina.session.ManagerBase [Catalina-utility-2] End expire sessions StandardManager processingTime 2 expired sessions: 0
2020-12-31 00:09:59,933 DEBUG com.zaxxer.hikari.pool.HikariPool [HikariPool-1 housekeeper] HikariPool-1 - Pool stats (total=10, active=0, idle=10, waiting=0)
2020-12-31 00:09:59,933 DEBUG com.zaxxer.hikari.pool.HikariPool [HikariPool-1 housekeeper] HikariPool-1 - Fill pool skipped, pool is at sufficient level.
2020-12-31 00:10:29,934 DEBUG com.zaxxer.hikari.pool.HikariPool [HikariPool-1 housekeeper] HikariPool-1 - Pool stats (total=10, active=0, idle=10, waiting=0)
2020-12-31 00:10:29,934 DEBUG com.zaxxer.hikari.pool.HikariPool [HikariPool-1 housekeeper] HikariPool-1 - Fill pool skipped, pool is at sufficient level.
2020-12-31 00:10:30,464 DEBUG org.apache.catalina.session.ManagerBase [Catalina-utility-2] Start expire sessions StandardManager at 1609384230464 sessioncount 0
2020-12-31 00:10:30,464 DEBUG org.apache.catalina.session.ManagerBase [Catalina-utility-2] End expire sessions StandardManager processingTime 0 expired sessions: 0
2020-12-31 00:10:59,936 DEBUG com.zaxxer.hikari.pool.HikariPool [HikariPool-1 housekeeper] HikariPool-1 - Pool stats (total=10, active=0, idle=10, waiting=0)
2020-12-31 00:10:59,937 DEBUG com.zaxxer.hikari.pool.HikariPool [HikariPool-1 housekeeper] HikariPool-1 - Fill pool skipped, pool is at sufficient level.
2020-12-31 00:11:29,940 DEBUG com.zaxxer.hikari.pool.HikariPool [HikariPool-1 housekeeper] HikariPool-1 - Pool stats (total=10, active=0, idle=10, waiting=0)
2020-12-31 00:11:29,941 DEBUG com.zaxxer.hikari.pool.HikariPool [HikariPool-1 housekeeper] HikariPool-1 - Fill pool skipped, pool is at sufficient level.
2020-12-31 00:11:30,470 DEBUG org.apache.catalina.session.ManagerBase [Catalina-utility-2] Start expire sessions StandardManager at 1609384290470 sessioncount 0
2020-12-31 00:11:30,471 DEBUG org.apache.catalina.session.ManagerBase [Catalina-utility-2] End expire sessions StandardManager processingTime 1 expired sessions: 0
2020-12-31 00:11:59,942 DEBUG com.zaxxer.hikari.pool.HikariPool [HikariPool-1 housekeeper] HikariPool-1 - Pool stats (total=10, active=0, idle=10, waiting=0)
2020-12-31 00:11:59,942 DEBUG com.zaxxer.hikari.pool.HikariPool [HikariPool-1 housekeeper] HikariPool-1 - Fill pool skipped, pool is at sufficient level.
2020-12-31 00:12:29,943 DEBUG com.zaxxer.hikari.pool.HikariPool [HikariPool-1 housekeeper] HikariPool-1 - Pool stats (total=10, active=0, idle=10, waiting=0)
2020-12-31 00:12:29,944 DEBUG com.zaxxer.hikari.pool.HikariPool [HikariPool-1 housekeeper] HikariPool-1 - Fill pool skipped, pool is at sufficient level.
2020-12-31 00:12:30,480 DEBUG org.apache.catalina.session.ManagerBase [Catalina-utility-2] Start expire sessions StandardManager at 1609384350480 sessioncount 0
2020-12-31 00:12:30,481 DEBUG org.apache.catalina.session.ManagerBase [Catalina-utility-2] End expire sessions StandardManager processingTime 1 expired sessions: 0
2020-12-31 00:12:59,946 DEBUG com.zaxxer.hikari.pool.HikariPool [HikariPool-1 housekeeper] HikariPool-1 - Pool stats (total=10, active=0, idle=10, waiting=0)
2020-12-31 00:12:59,947 DEBUG com.zaxxer.hikari.pool.HikariPool [HikariPool-1 housekeeper] HikariPool-1 - Fill pool skipped, pool is at sufficient level.
2020-12-31 00:13:29,949 DEBUG com.zaxxer.hikari.pool.HikariPool [HikariPool-1 housekeeper] HikariPool-1 - Pool stats (total=10, active=0, idle=10, waiting=0)
2020-12-31 00:13:29,950 DEBUG com.zaxxer.hikari.pool.HikariPool [HikariPool-1 housekeeper] HikariPool-1 - Fill pool skipped, pool is at sufficient level.
2020-12-31 00:13:30,487 DEBUG org.apache.catalina.session.ManagerBase [Catalina-utility-1] Start expire sessions StandardManager at 1609384410487 sessioncount 0
2020-12-31 00:13:30,487 DEBUG org.apache.catalina.session.ManagerBase [Catalina-utility-1] End expire sessions StandardManager processingTime 0 expired sessions: 0
2020-12-31 00:13:59,951 DEBUG com.zaxxer.hikari.pool.HikariPool [HikariPool-1 housekeeper] HikariPool-1 - Pool stats (total=10, active=0, idle=10, waiting=0)
2020-12-31 00:13:59,951 DEBUG com.zaxxer.hikari.pool.HikariPool [HikariPool-1 housekeeper] HikariPool-1 - Fill pool skipped, pool is at sufficient level.
2020-12-31 00:14:29,954 DEBUG com.zaxxer.hikari.pool.HikariPool [HikariPool-1 housekeeper] HikariPool-1 - Pool stats (total=10, active=0, idle=10, waiting=0)
2020-12-31 00:14:29,955 DEBUG com.zaxxer.hikari.pool.HikariPool [HikariPool-1 housekeeper] HikariPool-1 - Fill pool skipped, pool is at sufficient level.
2020-12-31 00:14:30,496 DEBUG org.apache.catalina.session.ManagerBase [Catalina-utility-2] Start expire sessions StandardManager at 1609384470496 sessioncount 0
2020-12-31 00:14:30,496 DEBUG org.apache.catalina.session.ManagerBase [Catalina-utility-2] End expire sessions StandardManager processingTime 0 expired sessions: 0
2020-12-31 00:14:59,957 DEBUG com.zaxxer.hikari.pool.HikariPool [HikariPool-1 housekeeper] HikariPool-1 - Pool stats (total=10, active=0, idle=10, waiting=0)
2020-12-31 00:14:59,957 DEBUG com.zaxxer.hikari.pool.HikariPool [HikariPool-1 housekeeper] HikariPool-1 - Fill pool skipped, pool is at sufficient level.
2020-12-31 00:15:29,959 DEBUG com.zaxxer.hikari.pool.HikariPool [HikariPool-1 housekeeper] HikariPool-1 - Pool stats (total=10, active=0, idle=10, waiting=0)
2020-12-31 00:15:29,959 DEBUG com.zaxxer.hikari.pool.HikariPool [HikariPool-1 housekeeper] HikariPool-1 - Fill pool skipped, pool is at sufficient level.
2020-12-31 00:15:30,506 DEBUG org.apache.catalina.session.ManagerBase [Catalina-utility-2] Start expire sessions StandardManager at 1609384530506 sessioncount 0
2020-12-31 00:15:30,507 DEBUG org.apache.catalina.session.ManagerBase [Catalina-utility-2] End expire sessions StandardManager processingTime 1 expired sessions: 0
2020-12-31 00:15:59,961 DEBUG com.zaxxer.hikari.pool.HikariPool [HikariPool-1 housekeeper] HikariPool-1 - Pool stats (total=10, active=0, idle=10, waiting=0)
2020-12-31 00:15:59,961 DEBUG com.zaxxer.hikari.pool.HikariPool [HikariPool-1 housekeeper] HikariPool-1 - Fill pool skipped, pool is at sufficient level.
2020-12-31 00:16:29,964 DEBUG com.zaxxer.hikari.pool.HikariPool [HikariPool-1 housekeeper] HikariPool-1 - Pool stats (total=10, active=0, idle=10, waiting=0)
2020-12-31 00:16:29,964 DEBUG com.zaxxer.hikari.pool.HikariPool [HikariPool-1 housekeeper] HikariPool-1 - Fill pool skipped, pool is at sufficient level.
2020-12-31 00:16:30,554 DEBUG org.apache.catalina.session.ManagerBase [Catalina-utility-2] Start expire sessions StandardManager at 1609384590554 sessioncount 0
2020-12-31 00:16:30,554 DEBUG org.apache.catalina.session.ManagerBase [Catalina-utility-2] End expire sessions StandardManager processingTime 0 expired sessions: 0
2020-12-31 00:16:59,966 DEBUG com.zaxxer.hikari.pool.HikariPool [HikariPool-1 housekeeper] HikariPool-1 - Pool stats (total=10, active=0, idle=10, waiting=0)
2020-12-31 00:16:59,967 DEBUG com.zaxxer.hikari.pool.HikariPool [HikariPool-1 housekeeper] HikariPool-1 - Fill pool skipped, pool is at sufficient level.
2020-12-31 00:17:29,969 DEBUG com.zaxxer.hikari.pool.HikariPool [HikariPool-1 housekeeper] HikariPool-1 - Pool stats (total=10, active=0, idle=10, waiting=0)
2020-12-31 00:17:29,969 DEBUG com.zaxxer.hikari.pool.HikariPool [HikariPool-1 housekeeper] HikariPool-1 - Fill pool skipped, pool is at sufficient level.
2020-12-31 00:17:30,561 DEBUG org.apache.catalina.session.ManagerBase [Catalina-utility-2] Start expire sessions StandardManager at 1609384650561 sessioncount 0
2020-12-31 00:17:30,562 DEBUG org.apache.catalina.session.ManagerBase [Catalina-utility-2] End expire sessions StandardManager processingTime 1 expired sessions: 0
2020-12-31 00:17:59,972 DEBUG com.zaxxer.hikari.pool.HikariPool [HikariPool-1 housekeeper] HikariPool-1 - Pool stats (total=10, active=0, idle=10, waiting=0)
2020-12-31 00:17:59,972 DEBUG com.zaxxer.hikari.pool.HikariPool [HikariPool-1 housekeeper] HikariPool-1 - Fill pool skipped, pool is at sufficient level.
2020-12-31 00:18:29,975 DEBUG com.zaxxer.hikari.pool.HikariPool [HikariPool-1 housekeeper] HikariPool-1 - Pool stats (total=10, active=0, idle=10, waiting=0)
2020-12-31 00:18:29,975 DEBUG com.zaxxer.hikari.pool.HikariPool [HikariPool-1 housekeeper] HikariPool-1 - Fill pool skipped, pool is at sufficient level.
2020-12-31 00:18:30,576 DEBUG org.apache.catalina.session.ManagerBase [Catalina-utility-2] Start expire sessions StandardManager at 1609384710576 sessioncount 0
2020-12-31 00:18:30,576 DEBUG org.apache.catalina.session.ManagerBase [Catalina-utility-2] End expire sessions StandardManager processingTime 0 expired sessions: 0
2020-12-31 00:18:59,976 DEBUG com.zaxxer.hikari.pool.HikariPool [HikariPool-1 housekeeper] HikariPool-1 - Pool stats (total=10, active=0, idle=10, waiting=0)
2020-12-31 00:18:59,980 DEBUG com.zaxxer.hikari.pool.HikariPool [HikariPool-1 housekeeper] HikariPool-1 - Fill pool skipped, pool is at sufficient level.
2020-12-31 00:19:29,983 DEBUG com.zaxxer.hikari.pool.HikariPool [HikariPool-1 housekeeper] HikariPool-1 - Pool stats (total=10, active=0, idle=10, waiting=0)
2020-12-31 00:19:29,984 DEBUG com.zaxxer.hikari.pool.HikariPool [HikariPool-1 housekeeper] HikariPool-1 - Fill pool skipped, pool is at sufficient level.
2020-12-31 00:19:30,586 DEBUG org.apache.catalina.session.ManagerBase [Catalina-utility-2] Start expire sessions StandardManager at 1609384770586 sessioncount 0
2020-12-31 00:19:30,587 DEBUG org.apache.catalina.session.ManagerBase [Catalina-utility-2] End expire sessions StandardManager processingTime 1 expired sessions: 0
2020-12-31 00:19:59,987 DEBUG com.zaxxer.hikari.pool.HikariPool [HikariPool-1 housekeeper] HikariPool-1 - Pool stats (total=10, active=0, idle=10, waiting=0)
2020-12-31 00:19:59,987 DEBUG com.zaxxer.hikari.pool.HikariPool [HikariPool-1 housekeeper] HikariPool-1 - Fill pool skipped, pool is at sufficient level.
2020-12-31 00:20:29,989 DEBUG com.zaxxer.hikari.pool.HikariPool [HikariPool-1 housekeeper] HikariPool-1 - Pool stats (total=10, active=0, idle=10, waiting=0)
2020-12-31 00:20:29,990 DEBUG com.zaxxer.hikari.pool.HikariPool [HikariPool-1 housekeeper] HikariPool-1 - Fill pool skipped, pool is at sufficient level.
2020-12-31 00:20:30,595 DEBUG org.apache.catalina.session.ManagerBase [Catalina-utility-2] Start expire sessions StandardManager at 1609384830595 sessioncount 0
2020-12-31 00:20:30,596 DEBUG org.apache.catalina.session.ManagerBase [Catalina-utility-2] End expire sessions StandardManager processingTime 1 expired sessions: 0
2020-12-31 00:20:59,992 DEBUG com.zaxxer.hikari.pool.HikariPool [HikariPool-1 housekeeper] HikariPool-1 - Pool stats (total=10, active=0, idle=10, waiting=0)
2020-12-31 00:20:59,994 DEBUG com.zaxxer.hikari.pool.HikariPool [HikariPool-1 housekeeper] HikariPool-1 - Fill pool skipped, pool is at sufficient level.
2020-12-31 00:21:29,997 DEBUG com.zaxxer.hikari.pool.HikariPool [HikariPool-1 housekeeper] HikariPool-1 - Pool stats (total=10, active=0, idle=10, waiting=0)
2020-12-31 00:21:29,998 DEBUG com.zaxxer.hikari.pool.HikariPool [HikariPool-1 housekeeper] HikariPool-1 - Fill pool skipped, pool is at sufficient level.
2020-12-31 00:21:30,607 DEBUG org.apache.catalina.session.ManagerBase [Catalina-utility-1] Start expire sessions StandardManager at 1609384890606 sessioncount 0
2020-12-31 00:21:30,609 DEBUG org.apache.catalina.session.ManagerBase [Catalina-utility-1] End expire sessions StandardManager processingTime 3 expired sessions: 0
2020-12-31 00:22:00,000 DEBUG com.zaxxer.hikari.pool.HikariPool [HikariPool-1 housekeeper] HikariPool-1 - Pool stats (total=10, active=0, idle=10, waiting=0)
2020-12-31 00:22:00,001 DEBUG com.zaxxer.hikari.pool.HikariPool [HikariPool-1 housekeeper] HikariPool-1 - Fill pool skipped, pool is at sufficient level.
2020-12-31 00:22:30,002 DEBUG com.zaxxer.hikari.pool.HikariPool [HikariPool-1 housekeeper] HikariPool-1 - Pool stats (total=10, active=0, idle=10, waiting=0)
2020-12-31 00:22:30,002 DEBUG com.zaxxer.hikari.pool.HikariPool [HikariPool-1 housekeeper] HikariPool-1 - Fill pool skipped, pool is at sufficient level.
2020-12-31 00:22:30,621 DEBUG org.apache.catalina.session.ManagerBase [Catalina-utility-2] Start expire sessions StandardManager at 1609384950621 sessioncount 0
2020-12-31 00:22:30,622 DEBUG org.apache.catalina.session.ManagerBase [Catalina-utility-2] End expire sessions StandardManager processingTime 1 expired sessions: 0
2020-12-31 00:23:00,004 DEBUG com.zaxxer.hikari.pool.HikariPool [HikariPool-1 housekeeper] HikariPool-1 - Pool stats (total=10, active=0, idle=10, waiting=0)
2020-12-31 00:23:00,005 DEBUG com.zaxxer.hikari.pool.HikariPool [HikariPool-1 housekeeper] HikariPool-1 - Fill pool skipped, pool is at sufficient level.
2020-12-31 00:23:30,006 DEBUG com.zaxxer.hikari.pool.HikariPool [HikariPool-1 housekeeper] HikariPool-1 - Pool stats (total=10, active=0, idle=10, waiting=0)
2020-12-31 00:23:30,006 DEBUG com.zaxxer.hikari.pool.HikariPool [HikariPool-1 housekeeper] HikariPool-1 - Fill pool skipped, pool is at sufficient level.
2020-12-31 00:23:30,631 DEBUG org.apache.catalina.session.ManagerBase [Catalina-utility-2] Start expire sessions StandardManager at 1609385010631 sessioncount 0
2020-12-31 00:23:30,631 DEBUG org.apache.catalina.session.ManagerBase [Catalina-utility-2] End expire sessions StandardManager processingTime 0 expired sessions: 0
2020-12-31 00:24:00,009 DEBUG com.zaxxer.hikari.pool.HikariPool [HikariPool-1 housekeeper] HikariPool-1 - Pool stats (total=10, active=0, idle=10, waiting=0)
2020-12-31 00:24:00,010 DEBUG com.zaxxer.hikari.pool.HikariPool [HikariPool-1 housekeeper] HikariPool-1 - Fill pool skipped, pool is at sufficient level.
2020-12-31 00:24:30,013 DEBUG com.zaxxer.hikari.pool.HikariPool [HikariPool-1 housekeeper] HikariPool-1 - Pool stats (total=10, active=0, idle=10, waiting=0)
2020-12-31 00:24:30,014 DEBUG com.zaxxer.hikari.pool.HikariPool [HikariPool-1 housekeeper] HikariPool-1 - Fill pool skipped, pool is at sufficient level.
2020-12-31 00:24:30,637 DEBUG org.apache.catalina.session.ManagerBase [Catalina-utility-1] Start expire sessions StandardManager at 1609385070636 sessioncount 0
2020-12-31 00:24:30,638 DEBUG org.apache.catalina.session.ManagerBase [Catalina-utility-1] End expire sessions StandardManager processingTime 2 expired sessions: 0
2020-12-31 00:24:45,113 DEBUG com.zaxxer.hikari.pool.PoolBase [HikariPool-1 connection closer] HikariPool-1 - Closing connection conn8: url=jdbc:h2:mem:flexibility_srl user=ROOT: (connection has passed maxLifetime)
2020-12-31 00:24:45,117 DEBUG com.zaxxer.hikari.pool.HikariPool [HikariPool-1 connection adder] HikariPool-1 - Added connection conn11: url=jdbc:h2:mem:flexibility_srl user=ROOT
2020-12-31 00:24:55,543 DEBUG com.zaxxer.hikari.pool.PoolBase [HikariPool-1 connection closer] HikariPool-1 - Closing connection conn0: url=jdbc:h2:mem:flexibility_srl user=ROOT: (connection has passed maxLifetime)
2020-12-31 00:24:55,545 DEBUG com.zaxxer.hikari.pool.HikariPool [HikariPool-1 connection adder] HikariPool-1 - Added connection conn12: url=jdbc:h2:mem:flexibility_srl user=ROOT
2020-12-31 00:25:00,020 DEBUG com.zaxxer.hikari.pool.HikariPool [HikariPool-1 housekeeper] HikariPool-1 - Pool stats (total=10, active=0, idle=10, waiting=0)
2020-12-31 00:25:00,022 DEBUG com.zaxxer.hikari.pool.HikariPool [HikariPool-1 housekeeper] HikariPool-1 - Fill pool skipped, pool is at sufficient level.
2020-12-31 00:25:00,173 DEBUG com.zaxxer.hikari.pool.PoolBase [HikariPool-1 connection closer] HikariPool-1 - Closing connection conn5: url=jdbc:h2:mem:flexibility_srl user=ROOT: (connection has passed maxLifetime)
2020-12-31 00:25:00,173 DEBUG com.zaxxer.hikari.pool.HikariPool [HikariPool-1 connection adder] HikariPool-1 - Added connection conn13: url=jdbc:h2:mem:flexibility_srl user=ROOT
2020-12-31 00:25:00,173 DEBUG com.zaxxer.hikari.pool.HikariPool [HikariPool-1 connection closer] HikariPool-1 - Fill pool skipped, pool is at sufficient level.
2020-12-31 00:25:04,692 DEBUG com.zaxxer.hikari.pool.PoolBase [HikariPool-1 connection closer] HikariPool-1 - Closing connection conn6: url=jdbc:h2:mem:flexibility_srl user=ROOT: (connection has passed maxLifetime)
2020-12-31 00:25:04,692 DEBUG com.zaxxer.hikari.pool.HikariPool [HikariPool-1 connection adder] HikariPool-1 - Added connection conn14: url=jdbc:h2:mem:flexibility_srl user=ROOT
2020-12-31 00:25:04,692 DEBUG com.zaxxer.hikari.pool.HikariPool [HikariPool-1 connection closer] HikariPool-1 - Fill pool skipped, pool is at sufficient level.
2020-12-31 00:25:10,898 DEBUG com.zaxxer.hikari.pool.PoolBase [HikariPool-1 connection closer] HikariPool-1 - Closing connection conn3: url=jdbc:h2:mem:flexibility_srl user=ROOT: (connection has passed maxLifetime)
2020-12-31 00:25:10,900 DEBUG com.zaxxer.hikari.pool.HikariPool [HikariPool-1 connection adder] HikariPool-1 - Added connection conn15: url=jdbc:h2:mem:flexibility_srl user=ROOT
2020-12-31 00:25:11,176 DEBUG com.zaxxer.hikari.pool.PoolBase [HikariPool-1 connection closer] HikariPool-1 - Closing connection conn2: url=jdbc:h2:mem:flexibility_srl user=ROOT: (connection has passed maxLifetime)
2020-12-31 00:25:11,176 DEBUG com.zaxxer.hikari.pool.HikariPool [HikariPool-1 connection adder] HikariPool-1 - Added connection conn16: url=jdbc:h2:mem:flexibility_srl user=ROOT
2020-12-31 00:25:12,506 DEBUG com.zaxxer.hikari.pool.PoolBase [HikariPool-1 connection closer] HikariPool-1 - Closing connection conn4: url=jdbc:h2:mem:flexibility_srl user=ROOT: (connection has passed maxLifetime)
2020-12-31 00:25:12,506 DEBUG com.zaxxer.hikari.pool.HikariPool [HikariPool-1 connection adder] HikariPool-1 - Added connection conn17: url=jdbc:h2:mem:flexibility_srl user=ROOT
2020-12-31 00:25:12,506 DEBUG com.zaxxer.hikari.pool.HikariPool [HikariPool-1 connection closer] HikariPool-1 - Fill pool skipped, pool is at sufficient level.
2020-12-31 00:25:19,747 DEBUG com.zaxxer.hikari.pool.PoolBase [HikariPool-1 connection closer] HikariPool-1 - Closing connection conn7: url=jdbc:h2:mem:flexibility_srl user=ROOT: (connection has passed maxLifetime)
2020-12-31 00:25:19,749 DEBUG com.zaxxer.hikari.pool.HikariPool [HikariPool-1 connection adder] HikariPool-1 - Added connection conn18: url=jdbc:h2:mem:flexibility_srl user=ROOT
2020-12-31 00:25:23,947 DEBUG com.zaxxer.hikari.pool.HikariPool [HikariPool-1 connection adder] HikariPool-1 - Added connection conn19: url=jdbc:h2:mem:flexibility_srl user=ROOT
2020-12-31 00:25:23,947 DEBUG com.zaxxer.hikari.pool.PoolBase [HikariPool-1 connection closer] HikariPool-1 - Closing connection conn9: url=jdbc:h2:mem:flexibility_srl user=ROOT: (connection has passed maxLifetime)
2020-12-31 00:25:23,948 DEBUG com.zaxxer.hikari.pool.HikariPool [HikariPool-1 connection closer] HikariPool-1 - Fill pool skipped, pool is at sufficient level.
2020-12-31 00:25:24,539 DEBUG com.zaxxer.hikari.pool.PoolBase [HikariPool-1 connection closer] HikariPool-1 - Closing connection conn1: url=jdbc:h2:mem:flexibility_srl user=ROOT: (connection has passed maxLifetime)
2020-12-31 00:25:24,539 DEBUG com.zaxxer.hikari.pool.HikariPool [HikariPool-1 connection adder] HikariPool-1 - Added connection conn20: url=jdbc:h2:mem:flexibility_srl user=ROOT
2020-12-31 00:25:24,539 DEBUG com.zaxxer.hikari.pool.HikariPool [HikariPool-1 connection closer] HikariPool-1 - Fill pool skipped, pool is at sufficient level.
2020-12-31 00:25:30,024 DEBUG com.zaxxer.hikari.pool.HikariPool [HikariPool-1 housekeeper] HikariPool-1 - Pool stats (total=10, active=0, idle=10, waiting=0)
2020-12-31 00:25:30,025 DEBUG com.zaxxer.hikari.pool.HikariPool [HikariPool-1 housekeeper] HikariPool-1 - Fill pool skipped, pool is at sufficient level.
2020-12-31 00:25:30,659 DEBUG org.apache.catalina.session.ManagerBase [Catalina-utility-2] Start expire sessions StandardManager at 1609385130659 sessioncount 0
2020-12-31 00:25:30,660 DEBUG org.apache.catalina.session.ManagerBase [Catalina-utility-2] End expire sessions StandardManager processingTime 0 expired sessions: 0
2020-12-31 00:26:00,026 DEBUG com.zaxxer.hikari.pool.HikariPool [HikariPool-1 housekeeper] HikariPool-1 - Pool stats (total=10, active=0, idle=10, waiting=0)
2020-12-31 00:26:00,029 DEBUG com.zaxxer.hikari.pool.HikariPool [HikariPool-1 housekeeper] HikariPool-1 - Fill pool skipped, pool is at sufficient level.
2020-12-31 00:26:30,031 DEBUG com.zaxxer.hikari.pool.HikariPool [HikariPool-1 housekeeper] HikariPool-1 - Pool stats (total=10, active=0, idle=10, waiting=0)
2020-12-31 00:26:30,032 DEBUG com.zaxxer.hikari.pool.HikariPool [HikariPool-1 housekeeper] HikariPool-1 - Fill pool skipped, pool is at sufficient level.
2020-12-31 00:26:30,666 DEBUG org.apache.catalina.session.ManagerBase [Catalina-utility-1] Start expire sessions StandardManager at 1609385190666 sessioncount 0
2020-12-31 00:26:30,667 DEBUG org.apache.catalina.session.ManagerBase [Catalina-utility-1] End expire sessions StandardManager processingTime 0 expired sessions: 0
2020-12-31 00:27:00,034 DEBUG com.zaxxer.hikari.pool.HikariPool [HikariPool-1 housekeeper] HikariPool-1 - Pool stats (total=10, active=0, idle=10, waiting=0)
2020-12-31 00:27:00,034 DEBUG com.zaxxer.hikari.pool.HikariPool [HikariPool-1 housekeeper] HikariPool-1 - Fill pool skipped, pool is at sufficient level.
2020-12-31 00:27:30,037 DEBUG com.zaxxer.hikari.pool.HikariPool [HikariPool-1 housekeeper] HikariPool-1 - Pool stats (total=10, active=0, idle=10, waiting=0)
2020-12-31 00:27:30,037 DEBUG com.zaxxer.hikari.pool.HikariPool [HikariPool-1 housekeeper] HikariPool-1 - Fill pool skipped, pool is at sufficient level.
2020-12-31 00:27:30,676 DEBUG org.apache.catalina.session.ManagerBase [Catalina-utility-2] Start expire sessions StandardManager at 1609385250676 sessioncount 0
2020-12-31 00:27:30,677 DEBUG org.apache.catalina.session.ManagerBase [Catalina-utility-2] End expire sessions StandardManager processingTime 1 expired sessions: 0
2020-12-31 00:28:00,052 DEBUG com.zaxxer.hikari.pool.HikariPool [HikariPool-1 housekeeper] HikariPool-1 - Pool stats (total=10, active=0, idle=10, waiting=0)
2020-12-31 00:28:00,057 DEBUG com.zaxxer.hikari.pool.HikariPool [HikariPool-1 housekeeper] HikariPool-1 - Fill pool skipped, pool is at sufficient level.
2020-12-31 00:28:30,060 DEBUG com.zaxxer.hikari.pool.HikariPool [HikariPool-1 housekeeper] HikariPool-1 - Pool stats (total=10, active=0, idle=10, waiting=0)
2020-12-31 00:28:30,061 DEBUG com.zaxxer.hikari.pool.HikariPool [HikariPool-1 housekeeper] HikariPool-1 - Fill pool skipped, pool is at sufficient level.
2020-12-31 00:28:30,684 DEBUG org.apache.catalina.session.ManagerBase [Catalina-utility-1] Start expire sessions StandardManager at 1609385310684 sessioncount 0
2020-12-31 00:28:30,684 DEBUG org.apache.catalina.session.ManagerBase [Catalina-utility-1] End expire sessions StandardManager processingTime 0 expired sessions: 0
2020-12-31 00:29:00,062 DEBUG com.zaxxer.hikari.pool.HikariPool [HikariPool-1 housekeeper] HikariPool-1 - Pool stats (total=10, active=0, idle=10, waiting=0)
2020-12-31 00:29:00,062 DEBUG com.zaxxer.hikari.pool.HikariPool [HikariPool-1 housekeeper] HikariPool-1 - Fill pool skipped, pool is at sufficient level.
2020-12-31 00:29:30,064 DEBUG com.zaxxer.hikari.pool.HikariPool [HikariPool-1 housekeeper] HikariPool-1 - Pool stats (total=10, active=0, idle=10, waiting=0)
2020-12-31 00:29:30,064 DEBUG com.zaxxer.hikari.pool.HikariPool [HikariPool-1 housekeeper] HikariPool-1 - Fill pool skipped, pool is at sufficient level.
2020-12-31 00:29:30,691 DEBUG org.apache.catalina.session.ManagerBase [Catalina-utility-2] Start expire sessions StandardManager at 1609385370691 sessioncount 0
2020-12-31 00:29:30,691 DEBUG org.apache.catalina.session.ManagerBase [Catalina-utility-2] End expire sessions StandardManager processingTime 0 expired sessions: 0
2020-12-31 00:30:00,065 DEBUG com.zaxxer.hikari.pool.HikariPool [HikariPool-1 housekeeper] HikariPool-1 - Pool stats (total=10, active=0, idle=10, waiting=0)
2020-12-31 00:30:00,065 DEBUG com.zaxxer.hikari.pool.HikariPool [HikariPool-1 housekeeper] HikariPool-1 - Fill pool skipped, pool is at sufficient level.
2020-12-31 00:30:30,067 DEBUG com.zaxxer.hikari.pool.HikariPool [HikariPool-1 housekeeper] HikariPool-1 - Pool stats (total=10, active=0, idle=10, waiting=0)
2020-12-31 00:30:30,067 DEBUG com.zaxxer.hikari.pool.HikariPool [HikariPool-1 housekeeper] HikariPool-1 - Fill pool skipped, pool is at sufficient level.
2020-12-31 00:30:30,697 DEBUG org.apache.catalina.session.ManagerBase [Catalina-utility-2] Start expire sessions StandardManager at 1609385430697 sessioncount 0
2020-12-31 00:30:30,698 DEBUG org.apache.catalina.session.ManagerBase [Catalina-utility-2] End expire sessions StandardManager processingTime 1 expired sessions: 0
2020-12-31 00:31:00,068 DEBUG com.zaxxer.hikari.pool.HikariPool [HikariPool-1 housekeeper] HikariPool-1 - Pool stats (total=10, active=0, idle=10, waiting=0)
2020-12-31 00:31:00,068 DEBUG com.zaxxer.hikari.pool.HikariPool [HikariPool-1 housekeeper] HikariPool-1 - Fill pool skipped, pool is at sufficient level.
2020-12-31 00:31:30,069 DEBUG com.zaxxer.hikari.pool.HikariPool [HikariPool-1 housekeeper] HikariPool-1 - Pool stats (total=10, active=0, idle=10, waiting=0)
2020-12-31 00:31:30,078 DEBUG com.zaxxer.hikari.pool.HikariPool [HikariPool-1 housekeeper] HikariPool-1 - Fill pool skipped, pool is at sufficient level.
2020-12-31 00:31:30,705 DEBUG org.apache.catalina.session.ManagerBase [Catalina-utility-1] Start expire sessions StandardManager at 1609385490705 sessioncount 0
2020-12-31 00:31:30,706 DEBUG org.apache.catalina.session.ManagerBase [Catalina-utility-1] End expire sessions StandardManager processingTime 1 expired sessions: 0
2020-12-31 00:32:00,080 DEBUG com.zaxxer.hikari.pool.HikariPool [HikariPool-1 housekeeper] HikariPool-1 - Pool stats (total=10, active=0, idle=10, waiting=0)
2020-12-31 00:32:00,081 DEBUG com.zaxxer.hikari.pool.HikariPool [HikariPool-1 housekeeper] HikariPool-1 - Fill pool skipped, pool is at sufficient level.
2020-12-31 00:32:30,082 DEBUG com.zaxxer.hikari.pool.HikariPool [HikariPool-1 housekeeper] HikariPool-1 - Pool stats (total=10, active=0, idle=10, waiting=0)
2020-12-31 00:32:30,083 DEBUG com.zaxxer.hikari.pool.HikariPool [HikariPool-1 housekeeper] HikariPool-1 - Fill pool skipped, pool is at sufficient level.
2020-12-31 00:32:30,712 DEBUG org.apache.catalina.session.ManagerBase [Catalina-utility-1] Start expire sessions StandardManager at 1609385550712 sessioncount 0
2020-12-31 00:32:30,712 DEBUG org.apache.catalina.session.ManagerBase [Catalina-utility-1] End expire sessions StandardManager processingTime 0 expired sessions: 0
2020-12-31 00:33:00,084 DEBUG com.zaxxer.hikari.pool.HikariPool [HikariPool-1 housekeeper] HikariPool-1 - Pool stats (total=10, active=0, idle=10, waiting=0)
2020-12-31 00:33:00,084 DEBUG com.zaxxer.hikari.pool.HikariPool [HikariPool-1 housekeeper] HikariPool-1 - Fill pool skipped, pool is at sufficient level.
2020-12-31 00:33:30,085 DEBUG com.zaxxer.hikari.pool.HikariPool [HikariPool-1 housekeeper] HikariPool-1 - Pool stats (total=10, active=0, idle=10, waiting=0)
2020-12-31 00:33:30,086 DEBUG com.zaxxer.hikari.pool.HikariPool [HikariPool-1 housekeeper] HikariPool-1 - Fill pool skipped, pool is at sufficient level.
2020-12-31 00:33:30,718 DEBUG org.apache.catalina.session.ManagerBase [Catalina-utility-1] Start expire sessions StandardManager at 1609385610718 sessioncount 0
2020-12-31 00:33:30,718 DEBUG org.apache.catalina.session.ManagerBase [Catalina-utility-1] End expire sessions StandardManager processingTime 0 expired sessions: 0
2020-12-31 00:34:00,088 DEBUG com.zaxxer.hikari.pool.HikariPool [HikariPool-1 housekeeper] HikariPool-1 - Pool stats (total=10, active=0, idle=10, waiting=0)
2020-12-31 00:34:00,089 DEBUG com.zaxxer.hikari.pool.HikariPool [HikariPool-1 housekeeper] HikariPool-1 - Fill pool skipped, pool is at sufficient level.
2020-12-31 00:34:30,092 DEBUG com.zaxxer.hikari.pool.HikariPool [HikariPool-1 housekeeper] HikariPool-1 - Pool stats (total=10, active=0, idle=10, waiting=0)
2020-12-31 00:34:30,093 DEBUG com.zaxxer.hikari.pool.HikariPool [HikariPool-1 housekeeper] HikariPool-1 - Fill pool skipped, pool is at sufficient level.
2020-12-31 00:34:30,725 DEBUG org.apache.catalina.session.ManagerBase [Catalina-utility-2] Start expire sessions StandardManager at 1609385670725 sessioncount 0
2020-12-31 00:34:30,725 DEBUG org.apache.catalina.session.ManagerBase [Catalina-utility-2] End expire sessions StandardManager processingTime 0 expired sessions: 0
2020-12-31 00:35:00,095 DEBUG com.zaxxer.hikari.pool.HikariPool [HikariPool-1 housekeeper] HikariPool-1 - Pool stats (total=10, active=0, idle=10, waiting=0)
2020-12-31 00:35:00,096 DEBUG com.zaxxer.hikari.pool.HikariPool [HikariPool-1 housekeeper] HikariPool-1 - Fill pool skipped, pool is at sufficient level.
2020-12-31 00:35:30,098 DEBUG com.zaxxer.hikari.pool.HikariPool [HikariPool-1 housekeeper] HikariPool-1 - Pool stats (total=10, active=0, idle=10, waiting=0)
2020-12-31 00:35:30,098 DEBUG com.zaxxer.hikari.pool.HikariPool [HikariPool-1 housekeeper] HikariPool-1 - Fill pool skipped, pool is at sufficient level.
2020-12-31 00:35:30,742 DEBUG org.apache.catalina.session.ManagerBase [Catalina-utility-1] Start expire sessions StandardManager at 1609385730742 sessioncount 0
2020-12-31 00:35:30,743 DEBUG org.apache.catalina.session.ManagerBase [Catalina-utility-1] End expire sessions StandardManager processingTime 1 expired sessions: 0
2020-12-31 00:36:00,099 DEBUG com.zaxxer.hikari.pool.HikariPool [HikariPool-1 housekeeper] HikariPool-1 - Pool stats (total=10, active=0, idle=10, waiting=0)
2020-12-31 00:36:00,100 DEBUG com.zaxxer.hikari.pool.HikariPool [HikariPool-1 housekeeper] HikariPool-1 - Fill pool skipped, pool is at sufficient level.
2020-12-31 00:36:30,102 DEBUG com.zaxxer.hikari.pool.HikariPool [HikariPool-1 housekeeper] HikariPool-1 - Pool stats (total=10, active=0, idle=10, waiting=0)
2020-12-31 00:36:30,103 DEBUG com.zaxxer.hikari.pool.HikariPool [HikariPool-1 housekeeper] HikariPool-1 - Fill pool skipped, pool is at sufficient level.
2020-12-31 00:36:30,753 DEBUG org.apache.catalina.session.ManagerBase [Catalina-utility-2] Start expire sessions StandardManager at 1609385790753 sessioncount 0
2020-12-31 00:36:30,753 DEBUG org.apache.catalina.session.ManagerBase [Catalina-utility-2] End expire sessions StandardManager processingTime 0 expired sessions: 0
2020-12-31 00:37:00,105 DEBUG com.zaxxer.hikari.pool.HikariPool [HikariPool-1 housekeeper] HikariPool-1 - Pool stats (total=10, active=0, idle=10, waiting=0)
2020-12-31 00:37:00,105 DEBUG com.zaxxer.hikari.pool.HikariPool [HikariPool-1 housekeeper] HikariPool-1 - Fill pool skipped, pool is at sufficient level.
2020-12-31 00:37:30,107 DEBUG com.zaxxer.hikari.pool.HikariPool [HikariPool-1 housekeeper] HikariPool-1 - Pool stats (total=10, active=0, idle=10, waiting=0)
2020-12-31 00:37:30,108 DEBUG com.zaxxer.hikari.pool.HikariPool [HikariPool-1 housekeeper] HikariPool-1 - Fill pool skipped, pool is at sufficient level.
2020-12-31 00:37:30,762 DEBUG org.apache.catalina.session.ManagerBase [Catalina-utility-2] Start expire sessions StandardManager at 1609385850762 sessioncount 0
2020-12-31 00:37:30,763 DEBUG org.apache.catalina.session.ManagerBase [Catalina-utility-2] End expire sessions StandardManager processingTime 1 expired sessions: 0
2020-12-31 00:38:00,110 DEBUG com.zaxxer.hikari.pool.HikariPool [HikariPool-1 housekeeper] HikariPool-1 - Pool stats (total=10, active=0, idle=10, waiting=0)
2020-12-31 00:38:00,110 DEBUG com.zaxxer.hikari.pool.HikariPool [HikariPool-1 housekeeper] HikariPool-1 - Fill pool skipped, pool is at sufficient level.
2020-12-31 00:38:30,111 DEBUG com.zaxxer.hikari.pool.HikariPool [HikariPool-1 housekeeper] HikariPool-1 - Pool stats (total=10, active=0, idle=10, waiting=0)
2020-12-31 00:38:30,112 DEBUG com.zaxxer.hikari.pool.HikariPool [HikariPool-1 housekeeper] HikariPool-1 - Fill pool skipped, pool is at sufficient level.
2020-12-31 00:38:30,770 DEBUG org.apache.catalina.session.ManagerBase [Catalina-utility-2] Start expire sessions StandardManager at 1609385910770 sessioncount 0
2020-12-31 00:38:30,770 DEBUG org.apache.catalina.session.ManagerBase [Catalina-utility-2] End expire sessions StandardManager processingTime 0 expired sessions: 0
2020-12-31 00:39:00,113 DEBUG com.zaxxer.hikari.pool.HikariPool [HikariPool-1 housekeeper] HikariPool-1 - Pool stats (total=10, active=0, idle=10, waiting=0)
2020-12-31 00:39:00,114 DEBUG com.zaxxer.hikari.pool.HikariPool [HikariPool-1 housekeeper] HikariPool-1 - Fill pool skipped, pool is at sufficient level.
2020-12-31 00:39:30,115 DEBUG com.zaxxer.hikari.pool.HikariPool [HikariPool-1 housekeeper] HikariPool-1 - Pool stats (total=10, active=0, idle=10, waiting=0)
2020-12-31 00:39:30,116 DEBUG com.zaxxer.hikari.pool.HikariPool [HikariPool-1 housekeeper] HikariPool-1 - Fill pool skipped, pool is at sufficient level.
2020-12-31 00:39:30,776 DEBUG org.apache.catalina.session.ManagerBase [Catalina-utility-2] Start expire sessions StandardManager at 1609385970776 sessioncount 0
2020-12-31 00:39:30,777 DEBUG org.apache.catalina.session.ManagerBase [Catalina-utility-2] End expire sessions StandardManager processingTime 1 expired sessions: 0
2020-12-31 00:40:00,118 DEBUG com.zaxxer.hikari.pool.HikariPool [HikariPool-1 housekeeper] HikariPool-1 - Pool stats (total=10, active=0, idle=10, waiting=0)
2020-12-31 00:40:00,119 DEBUG com.zaxxer.hikari.pool.HikariPool [HikariPool-1 housekeeper] HikariPool-1 - Fill pool skipped, pool is at sufficient level.
2020-12-31 00:40:30,121 DEBUG com.zaxxer.hikari.pool.HikariPool [HikariPool-1 housekeeper] HikariPool-1 - Pool stats (total=10, active=0, idle=10, waiting=0)
2020-12-31 00:40:30,121 DEBUG com.zaxxer.hikari.pool.HikariPool [HikariPool-1 housekeeper] HikariPool-1 - Fill pool skipped, pool is at sufficient level.
2020-12-31 00:40:30,780 DEBUG org.apache.catalina.session.ManagerBase [Catalina-utility-1] Start expire sessions StandardManager at 1609386030780 sessioncount 0
2020-12-31 00:40:30,781 DEBUG org.apache.catalina.session.ManagerBase [Catalina-utility-1] End expire sessions StandardManager processingTime 1 expired sessions: 0
2020-12-31 00:41:00,121 DEBUG com.zaxxer.hikari.pool.HikariPool [HikariPool-1 housekeeper] HikariPool-1 - Pool stats (total=10, active=0, idle=10, waiting=0)
2020-12-31 00:41:00,122 DEBUG com.zaxxer.hikari.pool.HikariPool [HikariPool-1 housekeeper] HikariPool-1 - Fill pool skipped, pool is at sufficient level.
2020-12-31 00:41:30,125 DEBUG com.zaxxer.hikari.pool.HikariPool [HikariPool-1 housekeeper] HikariPool-1 - Pool stats (total=10, active=0, idle=10, waiting=0)
2020-12-31 00:41:30,126 DEBUG com.zaxxer.hikari.pool.HikariPool [HikariPool-1 housekeeper] HikariPool-1 - Fill pool skipped, pool is at sufficient level.
2020-12-31 00:41:30,787 DEBUG org.apache.catalina.session.ManagerBase [Catalina-utility-1] Start expire sessions StandardManager at 1609386090787 sessioncount 0
2020-12-31 00:41:30,788 DEBUG org.apache.catalina.session.ManagerBase [Catalina-utility-1] End expire sessions StandardManager processingTime 1 expired sessions: 0
2020-12-31 00:42:00,126 DEBUG com.zaxxer.hikari.pool.HikariPool [HikariPool-1 housekeeper] HikariPool-1 - Pool stats (total=10, active=0, idle=10, waiting=0)
2020-12-31 00:42:00,127 DEBUG com.zaxxer.hikari.pool.HikariPool [HikariPool-1 housekeeper] HikariPool-1 - Fill pool skipped, pool is at sufficient level.
2020-12-31 00:42:30,128 DEBUG com.zaxxer.hikari.pool.HikariPool [HikariPool-1 housekeeper] HikariPool-1 - Pool stats (total=10, active=0, idle=10, waiting=0)
2020-12-31 00:42:30,129 DEBUG com.zaxxer.hikari.pool.HikariPool [HikariPool-1 housekeeper] HikariPool-1 - Fill pool skipped, pool is at sufficient level.
2020-12-31 00:42:30,795 DEBUG org.apache.catalina.session.ManagerBase [Catalina-utility-2] Start expire sessions StandardManager at 1609386150795 sessioncount 0
2020-12-31 00:42:30,796 DEBUG org.apache.catalina.session.ManagerBase [Catalina-utility-2] End expire sessions StandardManager processingTime 1 expired sessions: 0
2020-12-31 00:43:00,130 DEBUG com.zaxxer.hikari.pool.HikariPool [HikariPool-1 housekeeper] HikariPool-1 - Pool stats (total=10, active=0, idle=10, waiting=0)
2020-12-31 00:43:00,130 DEBUG com.zaxxer.hikari.pool.HikariPool [HikariPool-1 housekeeper] HikariPool-1 - Fill pool skipped, pool is at sufficient level.
2020-12-31 00:43:30,133 DEBUG com.zaxxer.hikari.pool.HikariPool [HikariPool-1 housekeeper] HikariPool-1 - Pool stats (total=10, active=0, idle=10, waiting=0)
2020-12-31 00:43:30,135 DEBUG com.zaxxer.hikari.pool.HikariPool [HikariPool-1 housekeeper] HikariPool-1 - Fill pool skipped, pool is at sufficient level.
2020-12-31 00:43:30,803 DEBUG org.apache.catalina.session.ManagerBase [Catalina-utility-1] Start expire sessions StandardManager at 1609386210803 sessioncount 0
2020-12-31 00:43:30,804 DEBUG org.apache.catalina.session.ManagerBase [Catalina-utility-1] End expire sessions StandardManager processingTime 1 expired sessions: 0
2020-12-31 00:44:00,137 DEBUG com.zaxxer.hikari.pool.HikariPool [HikariPool-1 housekeeper] HikariPool-1 - Pool stats (total=10, active=0, idle=10, waiting=0)
2020-12-31 00:44:00,138 DEBUG com.zaxxer.hikari.pool.HikariPool [HikariPool-1 housekeeper] HikariPool-1 - Fill pool skipped, pool is at sufficient level.
2020-12-31 00:44:30,139 DEBUG com.zaxxer.hikari.pool.HikariPool [HikariPool-1 housekeeper] HikariPool-1 - Pool stats (total=10, active=0, idle=10, waiting=0)
2020-12-31 00:44:30,140 DEBUG com.zaxxer.hikari.pool.HikariPool [HikariPool-1 housekeeper] HikariPool-1 - Fill pool skipped, pool is at sufficient level.
2020-12-31 00:44:30,809 DEBUG org.apache.catalina.session.ManagerBase [Catalina-utility-2] Start expire sessions StandardManager at 1609386270809 sessioncount 0
2020-12-31 00:44:30,809 DEBUG org.apache.catalina.session.ManagerBase [Catalina-utility-2] End expire sessions StandardManager processingTime 0 expired sessions: 0
2020-12-31 00:45:00,142 DEBUG com.zaxxer.hikari.pool.HikariPool [HikariPool-1 housekeeper] HikariPool-1 - Pool stats (total=10, active=0, idle=10, waiting=0)
2020-12-31 00:45:00,143 DEBUG com.zaxxer.hikari.pool.HikariPool [HikariPool-1 housekeeper] HikariPool-1 - Fill pool skipped, pool is at sufficient level.
2020-12-31 00:45:30,146 DEBUG com.zaxxer.hikari.pool.HikariPool [HikariPool-1 housekeeper] HikariPool-1 - Pool stats (total=10, active=0, idle=10, waiting=0)
2020-12-31 00:45:30,146 DEBUG com.zaxxer.hikari.pool.HikariPool [HikariPool-1 housekeeper] HikariPool-1 - Fill pool skipped, pool is at sufficient level.
2020-12-31 00:45:30,818 DEBUG org.apache.catalina.session.ManagerBase [Catalina-utility-2] Start expire sessions StandardManager at 1609386330818 sessioncount 0
2020-12-31 00:45:30,819 DEBUG org.apache.catalina.session.ManagerBase [Catalina-utility-2] End expire sessions StandardManager processingTime 1 expired sessions: 0
2020-12-31 00:46:00,149 DEBUG com.zaxxer.hikari.pool.HikariPool [HikariPool-1 housekeeper] HikariPool-1 - Pool stats (total=10, active=0, idle=10, waiting=0)
2020-12-31 00:46:00,149 DEBUG com.zaxxer.hikari.pool.HikariPool [HikariPool-1 housekeeper] HikariPool-1 - Fill pool skipped, pool is at sufficient level.
2020-12-31 00:46:30,152 DEBUG com.zaxxer.hikari.pool.HikariPool [HikariPool-1 housekeeper] HikariPool-1 - Pool stats (total=10, active=0, idle=10, waiting=0)
2020-12-31 00:46:30,152 DEBUG com.zaxxer.hikari.pool.HikariPool [HikariPool-1 housekeeper] HikariPool-1 - Fill pool skipped, pool is at sufficient level.
2020-12-31 00:46:30,827 DEBUG org.apache.catalina.session.ManagerBase [Catalina-utility-2] Start expire sessions StandardManager at 1609386390827 sessioncount 0
2020-12-31 00:46:30,828 DEBUG org.apache.catalina.session.ManagerBase [Catalina-utility-2] End expire sessions StandardManager processingTime 1 expired sessions: 0
2020-12-31 00:47:00,154 DEBUG com.zaxxer.hikari.pool.HikariPool [HikariPool-1 housekeeper] HikariPool-1 - Pool stats (total=10, active=0, idle=10, waiting=0)
2020-12-31 00:47:00,155 DEBUG com.zaxxer.hikari.pool.HikariPool [HikariPool-1 housekeeper] HikariPool-1 - Fill pool skipped, pool is at sufficient level.
2020-12-31 00:47:30,158 DEBUG com.zaxxer.hikari.pool.HikariPool [HikariPool-1 housekeeper] HikariPool-1 - Pool stats (total=10, active=0, idle=10, waiting=0)
2020-12-31 00:47:30,159 DEBUG com.zaxxer.hikari.pool.HikariPool [HikariPool-1 housekeeper] HikariPool-1 - Fill pool skipped, pool is at sufficient level.
2020-12-31 00:47:30,836 DEBUG org.apache.catalina.session.ManagerBase [Catalina-utility-2] Start expire sessions StandardManager at 1609386450836 sessioncount 0
2020-12-31 00:47:30,837 DEBUG org.apache.catalina.session.ManagerBase [Catalina-utility-2] End expire sessions StandardManager processingTime 1 expired sessions: 0
2020-12-31 00:48:00,160 DEBUG com.zaxxer.hikari.pool.HikariPool [HikariPool-1 housekeeper] HikariPool-1 - Pool stats (total=10, active=0, idle=10, waiting=0)
2020-12-31 00:48:00,160 DEBUG com.zaxxer.hikari.pool.HikariPool [HikariPool-1 housekeeper] HikariPool-1 - Fill pool skipped, pool is at sufficient level.
2020-12-31 00:48:30,162 DEBUG com.zaxxer.hikari.pool.HikariPool [HikariPool-1 housekeeper] HikariPool-1 - Pool stats (total=10, active=0, idle=10, waiting=0)
2020-12-31 00:48:30,163 DEBUG com.zaxxer.hikari.pool.HikariPool [HikariPool-1 housekeeper] HikariPool-1 - Fill pool skipped, pool is at sufficient level.
2020-12-31 00:48:30,846 DEBUG org.apache.catalina.session.ManagerBase [Catalina-utility-2] Start expire sessions StandardManager at 1609386510846 sessioncount 0
2020-12-31 00:48:30,846 DEBUG org.apache.catalina.session.ManagerBase [Catalina-utility-2] End expire sessions StandardManager processingTime 0 expired sessions: 0
2020-12-31 00:49:00,177 DEBUG com.zaxxer.hikari.pool.HikariPool [HikariPool-1 housekeeper] HikariPool-1 - Pool stats (total=10, active=0, idle=10, waiting=0)
2020-12-31 00:49:00,178 DEBUG com.zaxxer.hikari.pool.HikariPool [HikariPool-1 housekeeper] HikariPool-1 - Fill pool skipped, pool is at sufficient level.
2020-12-31 00:49:30,181 DEBUG com.zaxxer.hikari.pool.HikariPool [HikariPool-1 housekeeper] HikariPool-1 - Pool stats (total=10, active=0, idle=10, waiting=0)
2020-12-31 00:49:30,181 DEBUG com.zaxxer.hikari.pool.HikariPool [HikariPool-1 housekeeper] HikariPool-1 - Fill pool skipped, pool is at sufficient level.
2020-12-31 00:49:30,852 DEBUG org.apache.catalina.session.ManagerBase [Catalina-utility-2] Start expire sessions StandardManager at 1609386570852 sessioncount 0
2020-12-31 00:49:30,853 DEBUG org.apache.catalina.session.ManagerBase [Catalina-utility-2] End expire sessions StandardManager processingTime 1 expired sessions: 0
2020-12-31 00:50:00,182 DEBUG com.zaxxer.hikari.pool.HikariPool [HikariPool-1 housekeeper] HikariPool-1 - Pool stats (total=10, active=0, idle=10, waiting=0)
2020-12-31 00:50:00,183 DEBUG com.zaxxer.hikari.pool.HikariPool [HikariPool-1 housekeeper] HikariPool-1 - Fill pool skipped, pool is at sufficient level.
2020-12-31 00:50:30,185 DEBUG com.zaxxer.hikari.pool.HikariPool [HikariPool-1 housekeeper] HikariPool-1 - Pool stats (total=10, active=0, idle=10, waiting=0)
2020-12-31 00:50:30,186 DEBUG com.zaxxer.hikari.pool.HikariPool [HikariPool-1 housekeeper] HikariPool-1 - Fill pool skipped, pool is at sufficient level.
2020-12-31 00:50:30,860 DEBUG org.apache.catalina.session.ManagerBase [Catalina-utility-1] Start expire sessions StandardManager at 1609386630860 sessioncount 0
2020-12-31 00:50:30,860 DEBUG org.apache.catalina.session.ManagerBase [Catalina-utility-1] End expire sessions StandardManager processingTime 0 expired sessions: 0
2020-12-31 00:51:00,189 DEBUG com.zaxxer.hikari.pool.HikariPool [HikariPool-1 housekeeper] HikariPool-1 - Pool stats (total=10, active=0, idle=10, waiting=0)
2020-12-31 00:51:00,190 DEBUG com.zaxxer.hikari.pool.HikariPool [HikariPool-1 housekeeper] HikariPool-1 - Fill pool skipped, pool is at sufficient level.
2020-12-31 00:51:30,192 DEBUG com.zaxxer.hikari.pool.HikariPool [HikariPool-1 housekeeper] HikariPool-1 - Pool stats (total=10, active=0, idle=10, waiting=0)
2020-12-31 00:51:30,192 DEBUG com.zaxxer.hikari.pool.HikariPool [HikariPool-1 housekeeper] HikariPool-1 - Fill pool skipped, pool is at sufficient level.
2020-12-31 00:51:30,864 DEBUG org.apache.catalina.session.ManagerBase [Catalina-utility-1] Start expire sessions StandardManager at 1609386690864 sessioncount 0
2020-12-31 00:51:30,864 DEBUG org.apache.catalina.session.ManagerBase [Catalina-utility-1] End expire sessions StandardManager processingTime 0 expired sessions: 0
2020-12-31 00:52:00,194 DEBUG com.zaxxer.hikari.pool.HikariPool [HikariPool-1 housekeeper] HikariPool-1 - Pool stats (total=10, active=0, idle=10, waiting=0)
2020-12-31 00:52:00,195 DEBUG com.zaxxer.hikari.pool.HikariPool [HikariPool-1 housekeeper] HikariPool-1 - Fill pool skipped, pool is at sufficient level.
2020-12-31 00:52:30,196 DEBUG com.zaxxer.hikari.pool.HikariPool [HikariPool-1 housekeeper] HikariPool-1 - Pool stats (total=10, active=0, idle=10, waiting=0)
2020-12-31 00:52:30,197 DEBUG com.zaxxer.hikari.pool.HikariPool [HikariPool-1 housekeeper] HikariPool-1 - Fill pool skipped, pool is at sufficient level.
2020-12-31 00:52:30,872 DEBUG org.apache.catalina.session.ManagerBase [Catalina-utility-1] Start expire sessions StandardManager at 1609386750872 sessioncount 0
2020-12-31 00:52:30,873 DEBUG org.apache.catalina.session.ManagerBase [Catalina-utility-1] End expire sessions StandardManager processingTime 1 expired sessions: 0
2020-12-31 00:53:00,200 DEBUG com.zaxxer.hikari.pool.HikariPool [HikariPool-1 housekeeper] HikariPool-1 - Pool stats (total=10, active=0, idle=10, waiting=0)
2020-12-31 00:53:00,201 DEBUG com.zaxxer.hikari.pool.HikariPool [HikariPool-1 housekeeper] HikariPool-1 - Fill pool skipped, pool is at sufficient level.
2020-12-31 00:53:30,203 DEBUG com.zaxxer.hikari.pool.HikariPool [HikariPool-1 housekeeper] HikariPool-1 - Pool stats (total=10, active=0, idle=10, waiting=0)
2020-12-31 00:53:30,204 DEBUG com.zaxxer.hikari.pool.HikariPool [HikariPool-1 housekeeper] HikariPool-1 - Fill pool skipped, pool is at sufficient level.
2020-12-31 00:53:30,890 DEBUG org.apache.catalina.session.ManagerBase [Catalina-utility-1] Start expire sessions StandardManager at 1609386810890 sessioncount 0
2020-12-31 00:53:30,891 DEBUG org.apache.catalina.session.ManagerBase [Catalina-utility-1] End expire sessions StandardManager processingTime 1 expired sessions: 0
2020-12-31 00:54:00,205 DEBUG com.zaxxer.hikari.pool.HikariPool [HikariPool-1 housekeeper] HikariPool-1 - Pool stats (total=10, active=0, idle=10, waiting=0)
2020-12-31 00:54:00,206 DEBUG com.zaxxer.hikari.pool.HikariPool [HikariPool-1 housekeeper] HikariPool-1 - Fill pool skipped, pool is at sufficient level.
2020-12-31 00:54:22,190 DEBUG com.zaxxer.hikari.pool.HikariPool [HikariPool-1 connection adder] HikariPool-1 - Added connection conn21: url=jdbc:h2:mem:flexibility_srl user=ROOT
2020-12-31 00:54:22,188 DEBUG com.zaxxer.hikari.pool.PoolBase [HikariPool-1 connection closer] HikariPool-1 - Closing connection conn11: url=jdbc:h2:mem:flexibility_srl user=ROOT: (connection has passed maxLifetime)
2020-12-31 00:54:22,200 DEBUG com.zaxxer.hikari.pool.HikariPool [HikariPool-1 connection closer] HikariPool-1 - Fill pool skipped, pool is at sufficient level.
2020-12-31 00:54:23,110 DEBUG com.zaxxer.hikari.pool.HikariPool [HikariPool-1 connection adder] HikariPool-1 - Added connection conn22: url=jdbc:h2:mem:flexibility_srl user=ROOT
2020-12-31 00:54:23,109 DEBUG com.zaxxer.hikari.pool.PoolBase [HikariPool-1 connection closer] HikariPool-1 - Closing connection conn12: url=jdbc:h2:mem:flexibility_srl user=ROOT: (connection has passed maxLifetime)
2020-12-31 00:54:23,112 DEBUG com.zaxxer.hikari.pool.HikariPool [HikariPool-1 connection closer] HikariPool-1 - Fill pool skipped, pool is at sufficient level.
2020-12-31 00:54:30,209 DEBUG com.zaxxer.hikari.pool.HikariPool [HikariPool-1 housekeeper] HikariPool-1 - Pool stats (total=10, active=0, idle=10, waiting=0)
2020-12-31 00:54:30,210 DEBUG com.zaxxer.hikari.pool.HikariPool [HikariPool-1 housekeeper] HikariPool-1 - Fill pool skipped, pool is at sufficient level.
2020-12-31 00:54:30,899 DEBUG org.apache.catalina.session.ManagerBase [Catalina-utility-1] Start expire sessions StandardManager at 1609386870899 sessioncount 0
2020-12-31 00:54:30,899 DEBUG org.apache.catalina.session.ManagerBase [Catalina-utility-1] End expire sessions StandardManager processingTime 0 expired sessions: 0
2020-12-31 00:54:32,977 DEBUG com.zaxxer.hikari.pool.PoolBase [HikariPool-1 connection closer] HikariPool-1 - Closing connection conn15: url=jdbc:h2:mem:flexibility_srl user=ROOT: (connection has passed maxLifetime)
2020-12-31 00:54:32,980 DEBUG com.zaxxer.hikari.pool.HikariPool [HikariPool-1 connection adder] HikariPool-1 - Added connection conn23: url=jdbc:h2:mem:flexibility_srl user=ROOT
2020-12-31 00:54:33,650 DEBUG com.zaxxer.hikari.pool.PoolBase [HikariPool-1 connection closer] HikariPool-1 - Closing connection conn14: url=jdbc:h2:mem:flexibility_srl user=ROOT: (connection has passed maxLifetime)
2020-12-31 00:54:33,650 DEBUG com.zaxxer.hikari.pool.HikariPool [HikariPool-1 connection adder] HikariPool-1 - Added connection conn24: url=jdbc:h2:mem:flexibility_srl user=ROOT
2020-12-31 00:54:41,837 DEBUG com.zaxxer.hikari.pool.PoolBase [HikariPool-1 connection closer] HikariPool-1 - Closing connection conn13: url=jdbc:h2:mem:flexibility_srl user=ROOT: (connection has passed maxLifetime)
2020-12-31 00:54:41,840 DEBUG com.zaxxer.hikari.pool.HikariPool [HikariPool-1 connection adder] HikariPool-1 - Added connection conn25: url=jdbc:h2:mem:flexibility_srl user=ROOT
2020-12-31 00:54:44,503 DEBUG com.zaxxer.hikari.pool.PoolBase [HikariPool-1 connection closer] HikariPool-1 - Closing connection conn20: url=jdbc:h2:mem:flexibility_srl user=ROOT: (connection has passed maxLifetime)
2020-12-31 00:54:44,504 DEBUG com.zaxxer.hikari.pool.HikariPool [HikariPool-1 connection adder] HikariPool-1 - Added connection conn26: url=jdbc:h2:mem:flexibility_srl user=ROOT
2020-12-31 00:54:44,505 DEBUG com.zaxxer.hikari.pool.HikariPool [HikariPool-1 connection closer] HikariPool-1 - Fill pool skipped, pool is at sufficient level.
2020-12-31 00:54:53,354 DEBUG com.zaxxer.hikari.pool.PoolBase [HikariPool-1 connection closer] HikariPool-1 - Closing connection conn16: url=jdbc:h2:mem:flexibility_srl user=ROOT: (connection has passed maxLifetime)
2020-12-31 00:54:53,357 DEBUG com.zaxxer.hikari.pool.HikariPool [HikariPool-1 connection adder] HikariPool-1 - Added connection conn27: url=jdbc:h2:mem:flexibility_srl user=ROOT
2020-12-31 00:55:00,212 DEBUG com.zaxxer.hikari.pool.HikariPool [HikariPool-1 housekeeper] HikariPool-1 - Pool stats (total=10, active=0, idle=10, waiting=0)
2020-12-31 00:55:00,213 DEBUG com.zaxxer.hikari.pool.HikariPool [HikariPool-1 housekeeper] HikariPool-1 - Fill pool skipped, pool is at sufficient level.
2020-12-31 00:55:08,151 DEBUG com.zaxxer.hikari.pool.PoolBase [HikariPool-1 connection closer] HikariPool-1 - Closing connection conn19: url=jdbc:h2:mem:flexibility_srl user=ROOT: (connection has passed maxLifetime)
2020-12-31 00:55:08,154 DEBUG com.zaxxer.hikari.pool.HikariPool [HikariPool-1 connection adder] HikariPool-1 - Added connection conn28: url=jdbc:h2:mem:flexibility_srl user=ROOT
2020-12-31 00:55:08,775 DEBUG com.zaxxer.hikari.pool.PoolBase [HikariPool-1 connection closer] HikariPool-1 - Closing connection conn18: url=jdbc:h2:mem:flexibility_srl user=ROOT: (connection has passed maxLifetime)
2020-12-31 00:55:08,776 DEBUG com.zaxxer.hikari.pool.HikariPool [HikariPool-1 connection adder] HikariPool-1 - Added connection conn29: url=jdbc:h2:mem:flexibility_srl user=ROOT
2020-12-31 00:55:08,776 DEBUG com.zaxxer.hikari.pool.HikariPool [HikariPool-1 connection closer] HikariPool-1 - Fill pool skipped, pool is at sufficient level.
2020-12-31 00:55:12,276 DEBUG com.zaxxer.hikari.pool.PoolBase [HikariPool-1 connection closer] HikariPool-1 - Closing connection conn17: url=jdbc:h2:mem:flexibility_srl user=ROOT: (connection has passed maxLifetime)
2020-12-31 00:55:12,277 DEBUG com.zaxxer.hikari.pool.HikariPool [HikariPool-1 connection adder] HikariPool-1 - Added connection conn30: url=jdbc:h2:mem:flexibility_srl user=ROOT
2020-12-31 00:55:12,280 DEBUG com.zaxxer.hikari.pool.HikariPool [HikariPool-1 connection closer] HikariPool-1 - Fill pool skipped, pool is at sufficient level.
2020-12-31 00:55:30,215 DEBUG com.zaxxer.hikari.pool.HikariPool [HikariPool-1 housekeeper] HikariPool-1 - Pool stats (total=10, active=0, idle=10, waiting=0)
2020-12-31 00:55:30,216 DEBUG com.zaxxer.hikari.pool.HikariPool [HikariPool-1 housekeeper] HikariPool-1 - Fill pool skipped, pool is at sufficient level.
2020-12-31 00:55:30,903 DEBUG org.apache.catalina.session.ManagerBase [Catalina-utility-2] Start expire sessions StandardManager at 1609386930903 sessioncount 0
2020-12-31 00:55:30,903 DEBUG org.apache.catalina.session.ManagerBase [Catalina-utility-2] End expire sessions StandardManager processingTime 0 expired sessions: 0
2020-12-31 00:56:00,217 DEBUG com.zaxxer.hikari.pool.HikariPool [HikariPool-1 housekeeper] HikariPool-1 - Pool stats (total=10, active=0, idle=10, waiting=0)
2020-12-31 00:56:00,217 DEBUG com.zaxxer.hikari.pool.HikariPool [HikariPool-1 housekeeper] HikariPool-1 - Fill pool skipped, pool is at sufficient level.
2020-12-31 00:56:30,218 DEBUG com.zaxxer.hikari.pool.HikariPool [HikariPool-1 housekeeper] HikariPool-1 - Pool stats (total=10, active=0, idle=10, waiting=0)
2020-12-31 00:56:30,219 DEBUG com.zaxxer.hikari.pool.HikariPool [HikariPool-1 housekeeper] HikariPool-1 - Fill pool skipped, pool is at sufficient level.
2020-12-31 00:56:30,908 DEBUG org.apache.catalina.session.ManagerBase [Catalina-utility-2] Start expire sessions StandardManager at 1609386990908 sessioncount 0
2020-12-31 00:56:30,909 DEBUG org.apache.catalina.session.ManagerBase [Catalina-utility-2] End expire sessions StandardManager processingTime 1 expired sessions: 0
2020-12-31 00:57:00,220 DEBUG com.zaxxer.hikari.pool.HikariPool [HikariPool-1 housekeeper] HikariPool-1 - Pool stats (total=10, active=0, idle=10, waiting=0)
2020-12-31 00:57:00,222 DEBUG com.zaxxer.hikari.pool.HikariPool [HikariPool-1 housekeeper] HikariPool-1 - Fill pool skipped, pool is at sufficient level.
2020-12-31 00:57:30,224 DEBUG com.zaxxer.hikari.pool.HikariPool [HikariPool-1 housekeeper] HikariPool-1 - Pool stats (total=10, active=0, idle=10, waiting=0)
2020-12-31 00:57:30,225 DEBUG com.zaxxer.hikari.pool.HikariPool [HikariPool-1 housekeeper] HikariPool-1 - Fill pool skipped, pool is at sufficient level.
2020-12-31 00:57:30,915 DEBUG org.apache.catalina.session.ManagerBase [Catalina-utility-2] Start expire sessions StandardManager at 1609387050915 sessioncount 0
2020-12-31 00:57:30,916 DEBUG org.apache.catalina.session.ManagerBase [Catalina-utility-2] End expire sessions StandardManager processingTime 1 expired sessions: 0
2020-12-31 00:58:00,226 DEBUG com.zaxxer.hikari.pool.HikariPool [HikariPool-1 housekeeper] HikariPool-1 - Pool stats (total=10, active=0, idle=10, waiting=0)
2020-12-31 00:58:00,227 DEBUG com.zaxxer.hikari.pool.HikariPool [HikariPool-1 housekeeper] HikariPool-1 - Fill pool skipped, pool is at sufficient level.
2020-12-31 00:58:30,228 DEBUG com.zaxxer.hikari.pool.HikariPool [HikariPool-1 housekeeper] HikariPool-1 - Pool stats (total=10, active=0, idle=10, waiting=0)
2020-12-31 00:58:30,228 DEBUG com.zaxxer.hikari.pool.HikariPool [HikariPool-1 housekeeper] HikariPool-1 - Fill pool skipped, pool is at sufficient level.
2020-12-31 00:58:30,923 DEBUG org.apache.catalina.session.ManagerBase [Catalina-utility-2] Start expire sessions StandardManager at 1609387110923 sessioncount 0
2020-12-31 00:58:30,924 DEBUG org.apache.catalina.session.ManagerBase [Catalina-utility-2] End expire sessions StandardManager processingTime 1 expired sessions: 0
2020-12-31 00:59:00,229 DEBUG com.zaxxer.hikari.pool.HikariPool [HikariPool-1 housekeeper] HikariPool-1 - Pool stats (total=10, active=0, idle=10, waiting=0)
2020-12-31 00:59:00,230 DEBUG com.zaxxer.hikari.pool.HikariPool [HikariPool-1 housekeeper] HikariPool-1 - Fill pool skipped, pool is at sufficient level.
2020-12-31 00:59:30,231 DEBUG com.zaxxer.hikari.pool.HikariPool [HikariPool-1 housekeeper] HikariPool-1 - Pool stats (total=10, active=0, idle=10, waiting=0)
2020-12-31 00:59:30,232 DEBUG com.zaxxer.hikari.pool.HikariPool [HikariPool-1 housekeeper] HikariPool-1 - Fill pool skipped, pool is at sufficient level.
2020-12-31 00:59:30,928 DEBUG org.apache.catalina.session.ManagerBase [Catalina-utility-2] Start expire sessions StandardManager at 1609387170928 sessioncount 0
2020-12-31 00:59:30,928 DEBUG org.apache.catalina.session.ManagerBase [Catalina-utility-2] End expire sessions StandardManager processingTime 0 expired sessions: 0
2020-12-31 01:00:00,235 DEBUG com.zaxxer.hikari.pool.HikariPool [HikariPool-1 housekeeper] HikariPool-1 - Pool stats (total=10, active=0, idle=10, waiting=0)
2020-12-31 01:00:00,235 DEBUG com.zaxxer.hikari.pool.HikariPool [HikariPool-1 housekeeper] HikariPool-1 - Fill pool skipped, pool is at sufficient level.
2020-12-31 01:00:30,237 DEBUG com.zaxxer.hikari.pool.HikariPool [HikariPool-1 housekeeper] HikariPool-1 - Pool stats (total=10, active=0, idle=10, waiting=0)
2020-12-31 01:00:30,238 DEBUG com.zaxxer.hikari.pool.HikariPool [HikariPool-1 housekeeper] HikariPool-1 - Fill pool skipped, pool is at sufficient level.
2020-12-31 01:00:30,935 DEBUG org.apache.catalina.session.ManagerBase [Catalina-utility-2] Start expire sessions StandardManager at 1609387230935 sessioncount 0
2020-12-31 01:00:30,936 DEBUG org.apache.catalina.session.ManagerBase [Catalina-utility-2] End expire sessions StandardManager processingTime 1 expired sessions: 0
2020-12-31 01:01:00,239 DEBUG com.zaxxer.hikari.pool.HikariPool [HikariPool-1 housekeeper] HikariPool-1 - Pool stats (total=10, active=0, idle=10, waiting=0)
2020-12-31 01:01:00,240 DEBUG com.zaxxer.hikari.pool.HikariPool [HikariPool-1 housekeeper] HikariPool-1 - Fill pool skipped, pool is at sufficient level.
2020-12-31 01:01:30,242 DEBUG com.zaxxer.hikari.pool.HikariPool [HikariPool-1 housekeeper] HikariPool-1 - Pool stats (total=10, active=0, idle=10, waiting=0)
2020-12-31 01:01:30,242 DEBUG com.zaxxer.hikari.pool.HikariPool [HikariPool-1 housekeeper] HikariPool-1 - Fill pool skipped, pool is at sufficient level.
2020-12-31 01:01:30,943 DEBUG org.apache.catalina.session.ManagerBase [Catalina-utility-1] Start expire sessions StandardManager at 1609387290943 sessioncount 0
2020-12-31 01:01:30,943 DEBUG org.apache.catalina.session.ManagerBase [Catalina-utility-1] End expire sessions StandardManager processingTime 0 expired sessions: 0
2020-12-31 01:02:00,243 DEBUG com.zaxxer.hikari.pool.HikariPool [HikariPool-1 housekeeper] HikariPool-1 - Pool stats (total=10, active=0, idle=10, waiting=0)
2020-12-31 01:02:00,243 DEBUG com.zaxxer.hikari.pool.HikariPool [HikariPool-1 housekeeper] HikariPool-1 - Fill pool skipped, pool is at sufficient level.
2020-12-31 01:02:30,244 DEBUG com.zaxxer.hikari.pool.HikariPool [HikariPool-1 housekeeper] HikariPool-1 - Pool stats (total=10, active=0, idle=10, waiting=0)
2020-12-31 01:02:30,244 DEBUG com.zaxxer.hikari.pool.HikariPool [HikariPool-1 housekeeper] HikariPool-1 - Fill pool skipped, pool is at sufficient level.
2020-12-31 01:02:30,955 DEBUG org.apache.catalina.session.ManagerBase [Catalina-utility-1] Start expire sessions StandardManager at 1609387350955 sessioncount 0
2020-12-31 01:02:30,956 DEBUG org.apache.catalina.session.ManagerBase [Catalina-utility-1] End expire sessions StandardManager processingTime 1 expired sessions: 0
2020-12-31 01:03:00,246 DEBUG com.zaxxer.hikari.pool.HikariPool [HikariPool-1 housekeeper] HikariPool-1 - Pool stats (total=10, active=0, idle=10, waiting=0)
2020-12-31 01:03:00,247 DEBUG com.zaxxer.hikari.pool.HikariPool [HikariPool-1 housekeeper] HikariPool-1 - Fill pool skipped, pool is at sufficient level.
2020-12-31 01:03:30,250 DEBUG com.zaxxer.hikari.pool.HikariPool [HikariPool-1 housekeeper] HikariPool-1 - Pool stats (total=10, active=0, idle=10, waiting=0)
2020-12-31 01:03:30,250 DEBUG com.zaxxer.hikari.pool.HikariPool [HikariPool-1 housekeeper] HikariPool-1 - Fill pool skipped, pool is at sufficient level.
2020-12-31 01:03:30,963 DEBUG org.apache.catalina.session.ManagerBase [Catalina-utility-1] Start expire sessions StandardManager at 1609387410963 sessioncount 0
2020-12-31 01:03:30,964 DEBUG org.apache.catalina.session.ManagerBase [Catalina-utility-1] End expire sessions StandardManager processingTime 1 expired sessions: 0
2020-12-31 01:04:00,251 DEBUG com.zaxxer.hikari.pool.HikariPool [HikariPool-1 housekeeper] HikariPool-1 - Pool stats (total=10, active=0, idle=10, waiting=0)
2020-12-31 01:04:00,252 DEBUG com.zaxxer.hikari.pool.HikariPool [HikariPool-1 housekeeper] HikariPool-1 - Fill pool skipped, pool is at sufficient level.
2020-12-31 01:04:30,253 DEBUG com.zaxxer.hikari.pool.HikariPool [HikariPool-1 housekeeper] HikariPool-1 - Pool stats (total=10, active=0, idle=10, waiting=0)
2020-12-31 01:04:30,254 DEBUG com.zaxxer.hikari.pool.HikariPool [HikariPool-1 housekeeper] HikariPool-1 - Fill pool skipped, pool is at sufficient level.
2020-12-31 01:04:30,970 DEBUG org.apache.catalina.session.ManagerBase [Catalina-utility-1] Start expire sessions StandardManager at 1609387470970 sessioncount 0
2020-12-31 01:04:30,971 DEBUG org.apache.catalina.session.ManagerBase [Catalina-utility-1] End expire sessions StandardManager processingTime 1 expired sessions: 0
2020-12-31 01:05:00,256 DEBUG com.zaxxer.hikari.pool.HikariPool [HikariPool-1 housekeeper] HikariPool-1 - Pool stats (total=10, active=0, idle=10, waiting=0)
2020-12-31 01:05:00,257 DEBUG com.zaxxer.hikari.pool.HikariPool [HikariPool-1 housekeeper] HikariPool-1 - Fill pool skipped, pool is at sufficient level.
2020-12-31 01:05:30,260 DEBUG com.zaxxer.hikari.pool.HikariPool [HikariPool-1 housekeeper] HikariPool-1 - Pool stats (total=10, active=0, idle=10, waiting=0)
2020-12-31 01:05:30,262 DEBUG com.zaxxer.hikari.pool.HikariPool [HikariPool-1 housekeeper] HikariPool-1 - Fill pool skipped, pool is at sufficient level.
2020-12-31 01:05:30,993 DEBUG org.apache.catalina.session.ManagerBase [Catalina-utility-2] Start expire sessions StandardManager at 1609387530993 sessioncount 0
2020-12-31 01:05:30,993 DEBUG org.apache.catalina.session.ManagerBase [Catalina-utility-2] End expire sessions StandardManager processingTime 0 expired sessions: 0
2020-12-31 01:06:00,265 DEBUG com.zaxxer.hikari.pool.HikariPool [HikariPool-1 housekeeper] HikariPool-1 - Pool stats (total=10, active=0, idle=10, waiting=0)
2020-12-31 01:06:00,265 DEBUG com.zaxxer.hikari.pool.HikariPool [HikariPool-1 housekeeper] HikariPool-1 - Fill pool skipped, pool is at sufficient level.
2020-12-31 01:06:30,267 DEBUG com.zaxxer.hikari.pool.HikariPool [HikariPool-1 housekeeper] HikariPool-1 - Pool stats (total=10, active=0, idle=10, waiting=0)
2020-12-31 01:06:30,267 DEBUG com.zaxxer.hikari.pool.HikariPool [HikariPool-1 housekeeper] HikariPool-1 - Fill pool skipped, pool is at sufficient level.
2020-12-31 01:06:31,010 DEBUG org.apache.catalina.session.ManagerBase [Catalina-utility-1] Start expire sessions StandardManager at 1609387591010 sessioncount 0
2020-12-31 01:06:31,011 DEBUG org.apache.catalina.session.ManagerBase [Catalina-utility-1] End expire sessions StandardManager processingTime 1 expired sessions: 0
2020-12-31 01:07:00,268 DEBUG com.zaxxer.hikari.pool.HikariPool [HikariPool-1 housekeeper] HikariPool-1 - Pool stats (total=10, active=0, idle=10, waiting=0)
2020-12-31 01:07:00,268 DEBUG com.zaxxer.hikari.pool.HikariPool [HikariPool-1 housekeeper] HikariPool-1 - Fill pool skipped, pool is at sufficient level.
2020-12-31 01:07:30,270 DEBUG com.zaxxer.hikari.pool.HikariPool [HikariPool-1 housekeeper] HikariPool-1 - Pool stats (total=10, active=0, idle=10, waiting=0)
2020-12-31 01:07:30,271 DEBUG com.zaxxer.hikari.pool.HikariPool [HikariPool-1 housekeeper] HikariPool-1 - Fill pool skipped, pool is at sufficient level.
2020-12-31 01:07:31,017 DEBUG org.apache.catalina.session.ManagerBase [Catalina-utility-2] Start expire sessions StandardManager at 1609387651017 sessioncount 0
2020-12-31 01:07:31,017 DEBUG org.apache.catalina.session.ManagerBase [Catalina-utility-2] End expire sessions StandardManager processingTime 0 expired sessions: 0
2020-12-31 01:08:00,273 DEBUG com.zaxxer.hikari.pool.HikariPool [HikariPool-1 housekeeper] HikariPool-1 - Pool stats (total=10, active=0, idle=10, waiting=0)
2020-12-31 01:08:00,274 DEBUG com.zaxxer.hikari.pool.HikariPool [HikariPool-1 housekeeper] HikariPool-1 - Fill pool skipped, pool is at sufficient level.
2020-12-31 01:08:30,275 DEBUG com.zaxxer.hikari.pool.HikariPool [HikariPool-1 housekeeper] HikariPool-1 - Pool stats (total=10, active=0, idle=10, waiting=0)
2020-12-31 01:08:30,275 DEBUG com.zaxxer.hikari.pool.HikariPool [HikariPool-1 housekeeper] HikariPool-1 - Fill pool skipped, pool is at sufficient level.
2020-12-31 01:08:31,024 DEBUG org.apache.catalina.session.ManagerBase [Catalina-utility-1] Start expire sessions StandardManager at 1609387711024 sessioncount 0
2020-12-31 01:08:31,024 DEBUG org.apache.catalina.session.ManagerBase [Catalina-utility-1] End expire sessions StandardManager processingTime 0 expired sessions: 0
2020-12-31 01:09:00,277 DEBUG com.zaxxer.hikari.pool.HikariPool [HikariPool-1 housekeeper] HikariPool-1 - Pool stats (total=10, active=0, idle=10, waiting=0)
2020-12-31 01:09:00,277 DEBUG com.zaxxer.hikari.pool.HikariPool [HikariPool-1 housekeeper] HikariPool-1 - Fill pool skipped, pool is at sufficient level.
2020-12-31 01:09:30,278 DEBUG com.zaxxer.hikari.pool.HikariPool [HikariPool-1 housekeeper] HikariPool-1 - Pool stats (total=10, active=0, idle=10, waiting=0)
2020-12-31 01:09:30,279 DEBUG com.zaxxer.hikari.pool.HikariPool [HikariPool-1 housekeeper] HikariPool-1 - Fill pool skipped, pool is at sufficient level.
2020-12-31 01:09:31,031 DEBUG org.apache.catalina.session.ManagerBase [Catalina-utility-1] Start expire sessions StandardManager at 1609387771031 sessioncount 0
2020-12-31 01:09:31,031 DEBUG org.apache.catalina.session.ManagerBase [Catalina-utility-1] End expire sessions StandardManager processingTime 0 expired sessions: 0
2020-12-31 01:10:00,280 DEBUG com.zaxxer.hikari.pool.HikariPool [HikariPool-1 housekeeper] HikariPool-1 - Pool stats (total=10, active=0, idle=10, waiting=0)
2020-12-31 01:10:00,280 DEBUG com.zaxxer.hikari.pool.HikariPool [HikariPool-1 housekeeper] HikariPool-1 - Fill pool skipped, pool is at sufficient level.
2020-12-31 01:10:30,283 DEBUG com.zaxxer.hikari.pool.HikariPool [HikariPool-1 housekeeper] HikariPool-1 - Pool stats (total=10, active=0, idle=10, waiting=0)
2020-12-31 01:10:30,287 DEBUG com.zaxxer.hikari.pool.HikariPool [HikariPool-1 housekeeper] HikariPool-1 - Fill pool skipped, pool is at sufficient level.
2020-12-31 01:10:31,036 DEBUG org.apache.catalina.session.ManagerBase [Catalina-utility-2] Start expire sessions StandardManager at 1609387831036 sessioncount 0
2020-12-31 01:10:31,037 DEBUG org.apache.catalina.session.ManagerBase [Catalina-utility-2] End expire sessions StandardManager processingTime 1 expired sessions: 0
2020-12-31 01:11:00,289 DEBUG com.zaxxer.hikari.pool.HikariPool [HikariPool-1 housekeeper] HikariPool-1 - Pool stats (total=10, active=0, idle=10, waiting=0)
2020-12-31 01:11:00,290 DEBUG com.zaxxer.hikari.pool.HikariPool [HikariPool-1 housekeeper] HikariPool-1 - Fill pool skipped, pool is at sufficient level.
2020-12-31 01:11:30,292 DEBUG com.zaxxer.hikari.pool.HikariPool [HikariPool-1 housekeeper] HikariPool-1 - Pool stats (total=10, active=0, idle=10, waiting=0)
2020-12-31 01:11:30,293 DEBUG com.zaxxer.hikari.pool.HikariPool [HikariPool-1 housekeeper] HikariPool-1 - Fill pool skipped, pool is at sufficient level.
2020-12-31 01:11:31,043 DEBUG org.apache.catalina.session.ManagerBase [Catalina-utility-2] Start expire sessions StandardManager at 1609387891043 sessioncount 0
2020-12-31 01:11:31,043 DEBUG org.apache.catalina.session.ManagerBase [Catalina-utility-2] End expire sessions StandardManager processingTime 0 expired sessions: 0
2020-12-31 01:12:00,294 DEBUG com.zaxxer.hikari.pool.HikariPool [HikariPool-1 housekeeper] HikariPool-1 - Pool stats (total=10, active=0, idle=10, waiting=0)
2020-12-31 01:12:00,294 DEBUG com.zaxxer.hikari.pool.HikariPool [HikariPool-1 housekeeper] HikariPool-1 - Fill pool skipped, pool is at sufficient level.
2020-12-31 01:12:30,295 DEBUG com.zaxxer.hikari.pool.HikariPool [HikariPool-1 housekeeper] HikariPool-1 - Pool stats (total=10, active=0, idle=10, waiting=0)
2020-12-31 01:12:30,295 DEBUG com.zaxxer.hikari.pool.HikariPool [HikariPool-1 housekeeper] HikariPool-1 - Fill pool skipped, pool is at sufficient level.
2020-12-31 01:12:31,048 DEBUG org.apache.catalina.session.ManagerBase [Catalina-utility-2] Start expire sessions StandardManager at 1609387951048 sessioncount 0
2020-12-31 01:12:31,049 DEBUG org.apache.catalina.session.ManagerBase [Catalina-utility-2] End expire sessions StandardManager processingTime 1 expired sessions: 0
2020-12-31 01:13:00,297 DEBUG com.zaxxer.hikari.pool.HikariPool [HikariPool-1 housekeeper] HikariPool-1 - Pool stats (total=10, active=0, idle=10, waiting=0)
2020-12-31 01:13:00,298 DEBUG com.zaxxer.hikari.pool.HikariPool [HikariPool-1 housekeeper] HikariPool-1 - Fill pool skipped, pool is at sufficient level.
2020-12-31 01:13:30,300 DEBUG com.zaxxer.hikari.pool.HikariPool [HikariPool-1 housekeeper] HikariPool-1 - Pool stats (total=10, active=0, idle=10, waiting=0)
2020-12-31 01:13:30,301 DEBUG com.zaxxer.hikari.pool.HikariPool [HikariPool-1 housekeeper] HikariPool-1 - Fill pool skipped, pool is at sufficient level.
2020-12-31 01:13:31,058 DEBUG org.apache.catalina.session.ManagerBase [Catalina-utility-2] Start expire sessions StandardManager at 1609388011058 sessioncount 0
2020-12-31 01:13:31,059 DEBUG org.apache.catalina.session.ManagerBase [Catalina-utility-2] End expire sessions StandardManager processingTime 1 expired sessions: 0
2020-12-31 01:14:00,302 DEBUG com.zaxxer.hikari.pool.HikariPool [HikariPool-1 housekeeper] HikariPool-1 - Pool stats (total=10, active=0, idle=10, waiting=0)
2020-12-31 01:14:00,302 DEBUG com.zaxxer.hikari.pool.HikariPool [HikariPool-1 housekeeper] HikariPool-1 - Fill pool skipped, pool is at sufficient level.
2020-12-31 01:14:30,305 DEBUG com.zaxxer.hikari.pool.HikariPool [HikariPool-1 housekeeper] HikariPool-1 - Pool stats (total=10, active=0, idle=10, waiting=0)
2020-12-31 01:14:30,306 DEBUG com.zaxxer.hikari.pool.HikariPool [HikariPool-1 housekeeper] HikariPool-1 - Fill pool skipped, pool is at sufficient level.
2020-12-31 01:14:31,065 DEBUG org.apache.catalina.session.ManagerBase [Catalina-utility-1] Start expire sessions StandardManager at 1609388071065 sessioncount 0
2020-12-31 01:14:31,066 DEBUG org.apache.catalina.session.ManagerBase [Catalina-utility-1] End expire sessions StandardManager processingTime 1 expired sessions: 0
2020-12-31 01:15:00,307 DEBUG com.zaxxer.hikari.pool.HikariPool [HikariPool-1 housekeeper] HikariPool-1 - Pool stats (total=10, active=0, idle=10, waiting=0)
2020-12-31 01:15:00,307 DEBUG com.zaxxer.hikari.pool.HikariPool [HikariPool-1 housekeeper] HikariPool-1 - Fill pool skipped, pool is at sufficient level.
2020-12-31 01:15:30,308 DEBUG com.zaxxer.hikari.pool.HikariPool [HikariPool-1 housekeeper] HikariPool-1 - Pool stats (total=10, active=0, idle=10, waiting=0)
2020-12-31 01:15:30,309 DEBUG com.zaxxer.hikari.pool.HikariPool [HikariPool-1 housekeeper] HikariPool-1 - Fill pool skipped, pool is at sufficient level.
2020-12-31 01:15:31,074 DEBUG org.apache.catalina.session.ManagerBase [Catalina-utility-1] Start expire sessions StandardManager at 1609388131074 sessioncount 0
2020-12-31 01:15:31,075 DEBUG org.apache.catalina.session.ManagerBase [Catalina-utility-1] End expire sessions StandardManager processingTime 1 expired sessions: 0
2020-12-31 01:16:00,312 DEBUG com.zaxxer.hikari.pool.HikariPool [HikariPool-1 housekeeper] HikariPool-1 - Pool stats (total=10, active=0, idle=10, waiting=0)
2020-12-31 01:16:00,313 DEBUG com.zaxxer.hikari.pool.HikariPool [HikariPool-1 housekeeper] HikariPool-1 - Fill pool skipped, pool is at sufficient level.
2020-12-31 01:16:30,315 DEBUG com.zaxxer.hikari.pool.HikariPool [HikariPool-1 housekeeper] HikariPool-1 - Pool stats (total=10, active=0, idle=10, waiting=0)
2020-12-31 01:16:30,315 DEBUG com.zaxxer.hikari.pool.HikariPool [HikariPool-1 housekeeper] HikariPool-1 - Fill pool skipped, pool is at sufficient level.
2020-12-31 01:16:31,083 DEBUG org.apache.catalina.session.ManagerBase [Catalina-utility-2] Start expire sessions StandardManager at 1609388191083 sessioncount 0
2020-12-31 01:16:31,083 DEBUG org.apache.catalina.session.ManagerBase [Catalina-utility-2] End expire sessions StandardManager processingTime 0 expired sessions: 0
2020-12-31 01:17:00,317 DEBUG com.zaxxer.hikari.pool.HikariPool [HikariPool-1 housekeeper] HikariPool-1 - Pool stats (total=10, active=0, idle=10, waiting=0)
2020-12-31 01:17:00,318 DEBUG com.zaxxer.hikari.pool.HikariPool [HikariPool-1 housekeeper] HikariPool-1 - Fill pool skipped, pool is at sufficient level.
2020-12-31 01:17:30,320 DEBUG com.zaxxer.hikari.pool.HikariPool [HikariPool-1 housekeeper] HikariPool-1 - Pool stats (total=10, active=0, idle=10, waiting=0)
2020-12-31 01:17:30,321 DEBUG com.zaxxer.hikari.pool.HikariPool [HikariPool-1 housekeeper] HikariPool-1 - Fill pool skipped, pool is at sufficient level.
2020-12-31 01:17:31,090 DEBUG org.apache.catalina.session.ManagerBase [Catalina-utility-2] Start expire sessions StandardManager at 1609388251090 sessioncount 0
2020-12-31 01:17:31,090 DEBUG org.apache.catalina.session.ManagerBase [Catalina-utility-2] End expire sessions StandardManager processingTime 0 expired sessions: 0
2020-12-31 01:18:00,322 DEBUG com.zaxxer.hikari.pool.HikariPool [HikariPool-1 housekeeper] HikariPool-1 - Pool stats (total=10, active=0, idle=10, waiting=0)
2020-12-31 01:18:00,323 DEBUG com.zaxxer.hikari.pool.HikariPool [HikariPool-1 housekeeper] HikariPool-1 - Fill pool skipped, pool is at sufficient level.
2020-12-31 01:18:30,324 DEBUG com.zaxxer.hikari.pool.HikariPool [HikariPool-1 housekeeper] HikariPool-1 - Pool stats (total=10, active=0, idle=10, waiting=0)
2020-12-31 01:18:30,325 DEBUG com.zaxxer.hikari.pool.HikariPool [HikariPool-1 housekeeper] HikariPool-1 - Fill pool skipped, pool is at sufficient level.
2020-12-31 01:18:31,097 DEBUG org.apache.catalina.session.ManagerBase [Catalina-utility-2] Start expire sessions StandardManager at 1609388311097 sessioncount 0
2020-12-31 01:18:31,098 DEBUG org.apache.catalina.session.ManagerBase [Catalina-utility-2] End expire sessions StandardManager processingTime 1 expired sessions: 0
2020-12-31 01:19:00,332 DEBUG com.zaxxer.hikari.pool.HikariPool [HikariPool-1 housekeeper] HikariPool-1 - Pool stats (total=10, active=0, idle=10, waiting=0)
2020-12-31 01:19:00,333 DEBUG com.zaxxer.hikari.pool.HikariPool [HikariPool-1 housekeeper] HikariPool-1 - Fill pool skipped, pool is at sufficient level.
2020-12-31 01:19:30,334 DEBUG com.zaxxer.hikari.pool.HikariPool [HikariPool-1 housekeeper] HikariPool-1 - Pool stats (total=10, active=0, idle=10, waiting=0)
2020-12-31 01:19:30,335 DEBUG com.zaxxer.hikari.pool.HikariPool [HikariPool-1 housekeeper] HikariPool-1 - Fill pool skipped, pool is at sufficient level.
2020-12-31 01:19:31,119 DEBUG org.apache.catalina.session.ManagerBase [Catalina-utility-2] Start expire sessions StandardManager at 1609388371119 sessioncount 0
2020-12-31 01:19:31,120 DEBUG org.apache.catalina.session.ManagerBase [Catalina-utility-2] End expire sessions StandardManager processingTime 1 expired sessions: 0
2020-12-31 01:20:00,339 DEBUG com.zaxxer.hikari.pool.HikariPool [HikariPool-1 housekeeper] HikariPool-1 - Pool stats (total=10, active=0, idle=10, waiting=0)
2020-12-31 01:20:00,340 DEBUG com.zaxxer.hikari.pool.HikariPool [HikariPool-1 housekeeper] HikariPool-1 - Fill pool skipped, pool is at sufficient level.
2020-12-31 01:20:30,341 DEBUG com.zaxxer.hikari.pool.HikariPool [HikariPool-1 housekeeper] HikariPool-1 - Pool stats (total=10, active=0, idle=10, waiting=0)
2020-12-31 01:20:30,342 DEBUG com.zaxxer.hikari.pool.HikariPool [HikariPool-1 housekeeper] HikariPool-1 - Fill pool skipped, pool is at sufficient level.
2020-12-31 01:20:31,128 DEBUG org.apache.catalina.session.ManagerBase [Catalina-utility-2] Start expire sessions StandardManager at 1609388431128 sessioncount 0
2020-12-31 01:20:31,129 DEBUG org.apache.catalina.session.ManagerBase [Catalina-utility-2] End expire sessions StandardManager processingTime 1 expired sessions: 0
2020-12-31 01:21:00,343 DEBUG com.zaxxer.hikari.pool.HikariPool [HikariPool-1 housekeeper] HikariPool-1 - Pool stats (total=10, active=0, idle=10, waiting=0)
2020-12-31 01:21:00,344 DEBUG com.zaxxer.hikari.pool.HikariPool [HikariPool-1 housekeeper] HikariPool-1 - Fill pool skipped, pool is at sufficient level.
2020-12-31 01:21:30,346 DEBUG com.zaxxer.hikari.pool.HikariPool [HikariPool-1 housekeeper] HikariPool-1 - Pool stats (total=10, active=0, idle=10, waiting=0)
2020-12-31 01:21:30,347 DEBUG com.zaxxer.hikari.pool.HikariPool [HikariPool-1 housekeeper] HikariPool-1 - Fill pool skipped, pool is at sufficient level.
2020-12-31 01:21:31,137 DEBUG org.apache.catalina.session.ManagerBase [Catalina-utility-1] Start expire sessions StandardManager at 1609388491137 sessioncount 0
2020-12-31 01:21:31,138 DEBUG org.apache.catalina.session.ManagerBase [Catalina-utility-1] End expire sessions StandardManager processingTime 1 expired sessions: 0
2020-12-31 01:22:00,348 DEBUG com.zaxxer.hikari.pool.HikariPool [HikariPool-1 housekeeper] HikariPool-1 - Pool stats (total=10, active=0, idle=10, waiting=0)
2020-12-31 01:22:00,349 DEBUG com.zaxxer.hikari.pool.HikariPool [HikariPool-1 housekeeper] HikariPool-1 - Fill pool skipped, pool is at sufficient level.
2020-12-31 01:22:30,351 DEBUG com.zaxxer.hikari.pool.HikariPool [HikariPool-1 housekeeper] HikariPool-1 - Pool stats (total=10, active=0, idle=10, waiting=0)
2020-12-31 01:22:30,352 DEBUG com.zaxxer.hikari.pool.HikariPool [HikariPool-1 housekeeper] HikariPool-1 - Fill pool skipped, pool is at sufficient level.
2020-12-31 01:22:31,145 DEBUG org.apache.catalina.session.ManagerBase [Catalina-utility-1] Start expire sessions StandardManager at 1609388551145 sessioncount 0
2020-12-31 01:22:31,145 DEBUG org.apache.catalina.session.ManagerBase [Catalina-utility-1] End expire sessions StandardManager processingTime 0 expired sessions: 0
2020-12-31 01:23:00,354 DEBUG com.zaxxer.hikari.pool.HikariPool [HikariPool-1 housekeeper] HikariPool-1 - Pool stats (total=10, active=0, idle=10, waiting=0)
2020-12-31 01:23:00,354 DEBUG com.zaxxer.hikari.pool.HikariPool [HikariPool-1 housekeeper] HikariPool-1 - Fill pool skipped, pool is at sufficient level.
2020-12-31 01:23:30,356 DEBUG com.zaxxer.hikari.pool.HikariPool [HikariPool-1 housekeeper] HikariPool-1 - Pool stats (total=10, active=0, idle=10, waiting=0)
2020-12-31 01:23:30,357 DEBUG com.zaxxer.hikari.pool.HikariPool [HikariPool-1 housekeeper] HikariPool-1 - Fill pool skipped, pool is at sufficient level.
2020-12-31 01:23:31,148 DEBUG org.apache.catalina.session.ManagerBase [Catalina-utility-1] Start expire sessions StandardManager at 1609388611148 sessioncount 0
2020-12-31 01:23:31,149 DEBUG org.apache.catalina.session.ManagerBase [Catalina-utility-1] End expire sessions StandardManager processingTime 1 expired sessions: 0
2020-12-31 01:24:00,358 DEBUG com.zaxxer.hikari.pool.HikariPool [HikariPool-1 housekeeper] HikariPool-1 - Pool stats (total=10, active=0, idle=10, waiting=0)
2020-12-31 01:24:00,362 DEBUG com.zaxxer.hikari.pool.HikariPool [HikariPool-1 housekeeper] HikariPool-1 - Fill pool skipped, pool is at sufficient level.
2020-12-31 01:24:00,601 DEBUG com.zaxxer.hikari.pool.PoolBase [HikariPool-1 connection closer] HikariPool-1 - Closing connection conn22: url=jdbc:h2:mem:flexibility_srl user=ROOT: (connection has passed maxLifetime)
2020-12-31 01:24:00,603 DEBUG com.zaxxer.hikari.pool.HikariPool [HikariPool-1 connection adder] HikariPool-1 - Added connection conn31: url=jdbc:h2:mem:flexibility_srl user=ROOT
2020-12-31 01:24:07,220 DEBUG com.zaxxer.hikari.pool.PoolBase [HikariPool-1 connection closer] HikariPool-1 - Closing connection conn23: url=jdbc:h2:mem:flexibility_srl user=ROOT: (connection has passed maxLifetime)
2020-12-31 01:24:07,223 DEBUG com.zaxxer.hikari.pool.HikariPool [HikariPool-1 connection adder] HikariPool-1 - Added connection conn32: url=jdbc:h2:mem:flexibility_srl user=ROOT
2020-12-31 01:24:08,057 DEBUG com.zaxxer.hikari.pool.PoolBase [HikariPool-1 connection closer] HikariPool-1 - Closing connection conn25: url=jdbc:h2:mem:flexibility_srl user=ROOT: (connection has passed maxLifetime)
2020-12-31 01:24:08,058 DEBUG com.zaxxer.hikari.pool.HikariPool [HikariPool-1 connection adder] HikariPool-1 - Added connection conn33: url=jdbc:h2:mem:flexibility_srl user=ROOT
2020-12-31 01:24:08,058 DEBUG com.zaxxer.hikari.pool.HikariPool [HikariPool-1 connection closer] HikariPool-1 - Fill pool skipped, pool is at sufficient level.
2020-12-31 01:24:18,988 DEBUG com.zaxxer.hikari.pool.PoolBase [HikariPool-1 connection closer] HikariPool-1 - Closing connection conn21: url=jdbc:h2:mem:flexibility_srl user=ROOT: (connection has passed maxLifetime)
2020-12-31 01:24:18,992 DEBUG com.zaxxer.hikari.pool.HikariPool [HikariPool-1 connection adder] HikariPool-1 - Added connection conn34: url=jdbc:h2:mem:flexibility_srl user=ROOT
2020-12-31 01:24:30,365 DEBUG com.zaxxer.hikari.pool.HikariPool [HikariPool-1 housekeeper] HikariPool-1 - Pool stats (total=10, active=0, idle=10, waiting=0)
2020-12-31 01:24:30,366 DEBUG com.zaxxer.hikari.pool.HikariPool [HikariPool-1 housekeeper] HikariPool-1 - Fill pool skipped, pool is at sufficient level.
2020-12-31 01:24:31,155 DEBUG org.apache.catalina.session.ManagerBase [Catalina-utility-2] Start expire sessions StandardManager at 1609388671155 sessioncount 0
2020-12-31 01:24:31,156 DEBUG org.apache.catalina.session.ManagerBase [Catalina-utility-2] End expire sessions StandardManager processingTime 1 expired sessions: 0
2020-12-31 01:24:32,031 DEBUG com.zaxxer.hikari.pool.PoolBase [HikariPool-1 connection closer] HikariPool-1 - Closing connection conn30: url=jdbc:h2:mem:flexibility_srl user=ROOT: (connection has passed maxLifetime)
2020-12-31 01:24:32,034 DEBUG com.zaxxer.hikari.pool.HikariPool [HikariPool-1 connection adder] HikariPool-1 - Added connection conn35: url=jdbc:h2:mem:flexibility_srl user=ROOT
2020-12-31 01:24:32,496 DEBUG com.zaxxer.hikari.pool.PoolBase [HikariPool-1 connection closer] HikariPool-1 - Closing connection conn24: url=jdbc:h2:mem:flexibility_srl user=ROOT: (connection has passed maxLifetime)
2020-12-31 01:24:32,497 DEBUG com.zaxxer.hikari.pool.HikariPool [HikariPool-1 connection adder] HikariPool-1 - Added connection conn36: url=jdbc:h2:mem:flexibility_srl user=ROOT
2020-12-31 01:24:32,497 DEBUG com.zaxxer.hikari.pool.HikariPool [HikariPool-1 connection closer] HikariPool-1 - Fill pool skipped, pool is at sufficient level.
2020-12-31 01:24:32,814 DEBUG com.zaxxer.hikari.pool.PoolBase [HikariPool-1 connection closer] HikariPool-1 - Closing connection conn27: url=jdbc:h2:mem:flexibility_srl user=ROOT: (connection has passed maxLifetime)
2020-12-31 01:24:32,815 DEBUG com.zaxxer.hikari.pool.HikariPool [HikariPool-1 connection adder] HikariPool-1 - Added connection conn37: url=jdbc:h2:mem:flexibility_srl user=ROOT
2020-12-31 01:24:39,595 DEBUG com.zaxxer.hikari.pool.PoolBase [HikariPool-1 connection closer] HikariPool-1 - Closing connection conn26: url=jdbc:h2:mem:flexibility_srl user=ROOT: (connection has passed maxLifetime)
2020-12-31 01:24:39,598 DEBUG com.zaxxer.hikari.pool.HikariPool [HikariPool-1 connection adder] HikariPool-1 - Added connection conn38: url=jdbc:h2:mem:flexibility_srl user=ROOT
2020-12-31 01:24:42,532 DEBUG com.zaxxer.hikari.pool.PoolBase [HikariPool-1 connection closer] HikariPool-1 - Closing connection conn29: url=jdbc:h2:mem:flexibility_srl user=ROOT: (connection has passed maxLifetime)
2020-12-31 01:24:42,533 DEBUG com.zaxxer.hikari.pool.HikariPool [HikariPool-1 connection adder] HikariPool-1 - Added connection conn39: url=jdbc:h2:mem:flexibility_srl user=ROOT
2020-12-31 01:24:42,533 DEBUG com.zaxxer.hikari.pool.HikariPool [HikariPool-1 connection closer] HikariPool-1 - Fill pool skipped, pool is at sufficient level.
2020-12-31 01:24:57,731 DEBUG com.zaxxer.hikari.pool.PoolBase [HikariPool-1 connection closer] HikariPool-1 - Closing connection conn28: url=jdbc:h2:mem:flexibility_srl user=ROOT: (connection has passed maxLifetime)
2020-12-31 01:24:57,734 DEBUG com.zaxxer.hikari.pool.HikariPool [HikariPool-1 connection adder] HikariPool-1 - Added connection conn40: url=jdbc:h2:mem:flexibility_srl user=ROOT
2020-12-31 01:25:00,369 DEBUG com.zaxxer.hikari.pool.HikariPool [HikariPool-1 housekeeper] HikariPool-1 - Pool stats (total=10, active=0, idle=10, waiting=0)
2020-12-31 01:25:00,370 DEBUG com.zaxxer.hikari.pool.HikariPool [HikariPool-1 housekeeper] HikariPool-1 - Fill pool skipped, pool is at sufficient level.
2020-12-31 01:25:30,371 DEBUG com.zaxxer.hikari.pool.HikariPool [HikariPool-1 housekeeper] HikariPool-1 - Pool stats (total=10, active=0, idle=10, waiting=0)
2020-12-31 01:25:30,371 DEBUG com.zaxxer.hikari.pool.HikariPool [HikariPool-1 housekeeper] HikariPool-1 - Fill pool skipped, pool is at sufficient level.
2020-12-31 01:25:31,163 DEBUG org.apache.catalina.session.ManagerBase [Catalina-utility-2] Start expire sessions StandardManager at 1609388731163 sessioncount 0
2020-12-31 01:25:31,163 DEBUG org.apache.catalina.session.ManagerBase [Catalina-utility-2] End expire sessions StandardManager processingTime 0 expired sessions: 0
2020-12-31 01:26:00,372 DEBUG com.zaxxer.hikari.pool.HikariPool [HikariPool-1 housekeeper] HikariPool-1 - Pool stats (total=10, active=0, idle=10, waiting=0)
2020-12-31 01:26:00,373 DEBUG com.zaxxer.hikari.pool.HikariPool [HikariPool-1 housekeeper] HikariPool-1 - Fill pool skipped, pool is at sufficient level.
2020-12-31 01:26:30,374 DEBUG com.zaxxer.hikari.pool.HikariPool [HikariPool-1 housekeeper] HikariPool-1 - Pool stats (total=10, active=0, idle=10, waiting=0)
2020-12-31 01:26:30,374 DEBUG com.zaxxer.hikari.pool.HikariPool [HikariPool-1 housekeeper] HikariPool-1 - Fill pool skipped, pool is at sufficient level.
2020-12-31 01:26:31,170 DEBUG org.apache.catalina.session.ManagerBase [Catalina-utility-1] Start expire sessions StandardManager at 1609388791170 sessioncount 0
2020-12-31 01:26:31,170 DEBUG org.apache.catalina.session.ManagerBase [Catalina-utility-1] End expire sessions StandardManager processingTime 0 expired sessions: 0
2020-12-31 01:27:00,375 DEBUG com.zaxxer.hikari.pool.HikariPool [HikariPool-1 housekeeper] HikariPool-1 - Pool stats (total=10, active=0, idle=10, waiting=0)
2020-12-31 01:27:00,375 DEBUG com.zaxxer.hikari.pool.HikariPool [HikariPool-1 housekeeper] HikariPool-1 - Fill pool skipped, pool is at sufficient level.
2020-12-31 01:27:30,376 DEBUG com.zaxxer.hikari.pool.HikariPool [HikariPool-1 housekeeper] HikariPool-1 - Pool stats (total=10, active=0, idle=10, waiting=0)
2020-12-31 01:27:30,378 DEBUG com.zaxxer.hikari.pool.HikariPool [HikariPool-1 housekeeper] HikariPool-1 - Fill pool skipped, pool is at sufficient level.
2020-12-31 01:27:31,175 DEBUG org.apache.catalina.session.ManagerBase [Catalina-utility-2] Start expire sessions StandardManager at 1609388851175 sessioncount 0
2020-12-31 01:27:31,176 DEBUG org.apache.catalina.session.ManagerBase [Catalina-utility-2] End expire sessions StandardManager processingTime 1 expired sessions: 0
2020-12-31 01:28:00,380 DEBUG com.zaxxer.hikari.pool.HikariPool [HikariPool-1 housekeeper] HikariPool-1 - Pool stats (total=10, active=0, idle=10, waiting=0)
2020-12-31 01:28:00,381 DEBUG com.zaxxer.hikari.pool.HikariPool [HikariPool-1 housekeeper] HikariPool-1 - Fill pool skipped, pool is at sufficient level.
2020-12-31 01:28:30,383 DEBUG com.zaxxer.hikari.pool.HikariPool [HikariPool-1 housekeeper] HikariPool-1 - Pool stats (total=10, active=0, idle=10, waiting=0)
2020-12-31 01:28:30,384 DEBUG com.zaxxer.hikari.pool.HikariPool [HikariPool-1 housekeeper] HikariPool-1 - Fill pool skipped, pool is at sufficient level.
2020-12-31 01:28:31,186 DEBUG org.apache.catalina.session.ManagerBase [Catalina-utility-2] Start expire sessions StandardManager at 1609388911186 sessioncount 0
2020-12-31 01:28:31,187 DEBUG org.apache.catalina.session.ManagerBase [Catalina-utility-2] End expire sessions StandardManager processingTime 1 expired sessions: 0
